Using pre-set license
Built from '2022.3/staging' branch; Version is '2022.3.19f1 (244b723c30a6) revision 2378610'; Using compiler version '192829333'; Build Type 'Release'
OS: 'Windows 10  (10.0.19045) 64bit Core' Language: 'da' Physical Memory: 16221 MB
BatchMode: 1, IsHumanControllingUs: 0, StartBugReporterOnCrash: 0, Is64bit: 1, IsPro: 1

COMMAND LINE ARGUMENTS:
C:\Program Files\Unity\Hub\Editor\2022.3.19f1\Editor\Unity.exe
-adb2
-batchMode
-noUpm
-name
AssetImportWorker3
-projectPath
C:/Users/speed/PI3DW - 3xExterminate
-logFile
Logs/AssetImportWorker3.log
-srvPort
53726
Successfully changed project path to: C:/Users/speed/PI3DW - 3xExterminate
C:/Users/speed/PI3DW - 3xExterminate
[UnityMemory] Configuration Parameters - Can be set up in boot.config
    "memorysetup-bucket-allocator-granularity=16"
    "memorysetup-bucket-allocator-bucket-count=8"
    "memorysetup-bucket-allocator-block-size=33554432"
    "memorysetup-bucket-allocator-block-count=8"
    "memorysetup-main-allocator-block-size=16777216"
    "memorysetup-thread-allocator-block-size=16777216"
    "memorysetup-gfx-main-allocator-block-size=16777216"
    "memorysetup-gfx-thread-allocator-block-size=16777216"
    "memorysetup-cache-allocator-block-size=4194304"
    "memorysetup-typetree-allocator-block-size=2097152"
    "memorysetup-profiler-bucket-allocator-granularity=16"
    "memorysetup-profiler-bucket-allocator-bucket-count=8"
    "memorysetup-profiler-bucket-allocator-block-size=33554432"
    "memorysetup-profiler-bucket-allocator-block-count=8"
    "memorysetup-profiler-allocator-block-size=16777216"
    "memorysetup-profiler-editor-allocator-block-size=1048576"
    "memorysetup-temp-allocator-size-main=16777216"
    "memorysetup-job-temp-allocator-block-size=2097152"
    "memorysetup-job-temp-allocator-block-size-background=1048576"
    "memorysetup-job-temp-allocator-reduction-small-platforms=262144"
    "memorysetup-allocator-temp-initial-block-size-main=262144"
    "memorysetup-allocator-temp-initial-block-size-worker=262144"
    "memorysetup-temp-allocator-size-background-worker=32768"
    "memorysetup-temp-allocator-size-job-worker=262144"
    "memorysetup-temp-allocator-size-preload-manager=33554432"
    "memorysetup-temp-allocator-size-nav-mesh-worker=65536"
    "memorysetup-temp-allocator-size-audio-worker=65536"
    "memorysetup-temp-allocator-size-cloud-worker=32768"
    "memorysetup-temp-allocator-size-gi-baking-worker=262144"
    "memorysetup-temp-allocator-size-gfx=262144"
Player connection [31260] Host "[IP] 192.168.50.112 [Port] 0 [Flags] 2 [Guid] 378847010 [EditorId] 378847010 [Version] 1048832 [Id] WindowsEditor(7,DESKTOP-VEGBCRH) [Debug] 1 [PackageName] WindowsEditor [ProjectName] Editor" joined multi-casting on [225.0.0.222:54997]...

Player connection [31260] Host "[IP] 192.168.50.112 [Port] 0 [Flags] 2 [Guid] 378847010 [EditorId] 378847010 [Version] 1048832 [Id] WindowsEditor(7,DESKTOP-VEGBCRH) [Debug] 1 [PackageName] WindowsEditor [ProjectName] Editor" joined alternative multi-casting on [225.0.0.222:34997]...

[Physics::Module] Initialized MultithreadedJobDispatcher with 15 workers.
Refreshing native plugins compatible for Editor in 7.61 ms, found 3 plugins.
Preloading 0 native plugins for Editor in 0.00 ms.
Initialize engine version: 2022.3.19f1 (244b723c30a6)
[Subsystems] Discovering subsystems at path C:/Program Files/Unity/Hub/Editor/2022.3.19f1/Editor/Data/Resources/UnitySubsystems
[Subsystems] Discovering subsystems at path C:/Users/speed/PI3DW - 3xExterminate/Assets
GfxDevice: creating device client; threaded=0; jobified=0
Direct3D:
    Version:  Direct3D 11.0 [level 11.1]
    Renderer: NVIDIA GeForce RTX 3060 Ti (ID=0x2489)
    Vendor:   NVIDIA
    VRAM:     8024 MB
    Driver:   32.0.15.6094
Initialize mono
Mono path[0] = 'C:/Program Files/Unity/Hub/Editor/2022.3.19f1/Editor/Data/Managed'
Mono path[1] = 'C:/Program Files/Unity/Hub/Editor/2022.3.19f1/Editor/Data/MonoBleedingEdge/lib/mono/unityjit-win32'
Mono config path = 'C:/Program Files/Unity/Hub/Editor/2022.3.19f1/Editor/Data/MonoBleedingEdge/etc'
Using monoOptions --debugger-agent=transport=dt_socket,embedding=1,server=y,suspend=n,address=127.0.0.1:56684
Begin MonoManager ReloadAssembly
Registering precompiled unity dll's ...
Register platform support module: C:/Program Files/Unity/Hub/Editor/2022.3.19f1/Editor/Data/PlaybackEngines/WindowsStandaloneSupport/UnityEditor.WindowsStandalone.Extensions.dll
Registered in 0.006582 seconds.
- Loaded All Assemblies, in  0.264 seconds
Native extension for WindowsStandalone target not found
Mono: successfully reloaded assembly
- Finished resetting the current domain, in  0.217 seconds
Domain Reload Profiling: 481ms
	BeginReloadAssembly (78ms)
		ExecutionOrderSort (0ms)
		DisableScriptedObjects (0ms)
		BackupInstance (0ms)
		ReleaseScriptingObjects (0ms)
		CreateAndSetChildDomain (1ms)
	RebuildCommonClasses (25ms)
	RebuildNativeTypeToScriptingClass (8ms)
	initialDomainReloadingComplete (45ms)
	LoadAllAssembliesAndSetupDomain (107ms)
		LoadAssemblies (76ms)
		RebuildTransferFunctionScriptingTraits (0ms)
		AnalyzeDomain (105ms)
			TypeCache.Refresh (104ms)
				TypeCache.ScanAssembly (95ms)
			ScanForSourceGeneratedMonoScriptInfo (0ms)
			ResolveRequiredComponents (0ms)
	FinalizeReload (218ms)
		ReleaseScriptCaches (0ms)
		RebuildScriptCaches (0ms)
		SetupLoadedEditorAssemblies (172ms)
			LogAssemblyErrors (0ms)
			InitializePlatformSupportModulesInManaged (7ms)
			SetLoadedEditorAssemblies (6ms)
			RefreshPlugins (0ms)
			BeforeProcessingInitializeOnLoad (2ms)
			ProcessInitializeOnLoadAttributes (114ms)
			ProcessInitializeOnLoadMethodAttributes (44ms)
			AfterProcessingInitializeOnLoad (0ms)
			EditorAssembliesLoaded (0ms)
		ExecutionOrderSort2 (0ms)
		AwakeInstancesAfterBackupRestoration (0ms)
========================================================================
Worker process is ready to serve import requests
Begin MonoManager ReloadAssembly
- Loaded All Assemblies, in  0.592 seconds
Refreshing native plugins compatible for Editor in 2.23 ms, found 3 plugins.
Native extension for WindowsStandalone target not found
Package Manager log level set to [2]
[Package Manager] Server::EnsureServerProcessIsRunning -- launch failed, reason: Unity was launched with the -noUpm command-line argument
[Package Manager] UpmClient::Send -- Unable to send message (not connected to UPM process).
[Package Manager] Cannot connect to Unity Package Manager local server
Mono: successfully reloaded assembly
- Finished resetting the current domain, in  0.522 seconds
Domain Reload Profiling: 1112ms
	BeginReloadAssembly (113ms)
		ExecutionOrderSort (0ms)
		DisableScriptedObjects (4ms)
		BackupInstance (0ms)
		ReleaseScriptingObjects (0ms)
		CreateAndSetChildDomain (17ms)
	RebuildCommonClasses (32ms)
	RebuildNativeTypeToScriptingClass (14ms)
	initialDomainReloadingComplete (32ms)
	LoadAllAssembliesAndSetupDomain (398ms)
		LoadAssemblies (308ms)
		RebuildTransferFunctionScriptingTraits (0ms)
		AnalyzeDomain (157ms)
			TypeCache.Refresh (131ms)
				TypeCache.ScanAssembly (119ms)
			ScanForSourceGeneratedMonoScriptInfo (15ms)
			ResolveRequiredComponents (9ms)
	FinalizeReload (522ms)
		ReleaseScriptCaches (0ms)
		RebuildScriptCaches (0ms)
		SetupLoadedEditorAssemblies (400ms)
			LogAssemblyErrors (0ms)
			InitializePlatformSupportModulesInManaged (5ms)
			SetLoadedEditorAssemblies (3ms)
			RefreshPlugins (0ms)
			BeforeProcessingInitializeOnLoad (50ms)
			ProcessInitializeOnLoadAttributes (317ms)
			ProcessInitializeOnLoadMethodAttributes (21ms)
			AfterProcessingInitializeOnLoad (5ms)
			EditorAssembliesLoaded (0ms)
		ExecutionOrderSort2 (0ms)
		AwakeInstancesAfterBackupRestoration (7ms)
Shader '/_Vefects_/T/SH_Vefects_VFX_Distor': fallback shader 'Universal Render Pipeline/Unlit' not found
Shader '/_Vefects_/T/SH_Vefects_VFX_Distor': fallback shader 'Universal Render Pipeline/Unlit' not found
Launched and connected shader compiler UnityShaderCompiler.exe after 0.06 seconds
Refreshing native plugins compatible for Editor in 2.76 ms, found 3 plugins.
Preloading 0 native plugins for Editor in 0.00 ms.
Unloading 3488 Unused Serialized files (Serialized files now loaded: 0)
Unloading 42 unused Assets / (406.2 KB). Loaded Objects now: 3950.
Memory consumption went from 138.4 MB to 138.0 MB.
Total: 3.092700 ms (FindLiveObjects: 0.235800 ms CreateObjectMapping: 0.140100 ms MarkObjects: 2.548400 ms  DeleteObjects: 0.167600 ms)

AssetImportParameters requested are different than current active one (requested -> active):
  custom:container-demuxer-ogg: 62fdf1f143b41e24485cea50d1cbac27 -> 
  custom:video-decoder-ogg-theora: a1e56fd34408186e4bbccfd4996cb3dc -> 
  custom:framework-win-MediaFoundation: 216162199b28c13a410421893ffa2e32 -> 
  custom:CustomObjectIndexerAttribute: 6d391050e5a25f67b0a2c618074f2cd9 -> 
  custom:scripting/monoscript/fileName/Demo_TurningAround.cs: 81f6d63e64c8ded113e2ad22fedd7e86 -> 9d68750fa4869b8fd6d7a0e3b1544925
  custom:container-demuxer-webm: 4f35f7cbe854078d1ac9338744f61a02 -> 
  custom:container-muxer-webm: aa71ff27fc2769a1b78a27578f13a17b -> 
  custom:video-decoder-webm-vp8: 9c59270c3fd7afecdb556c50c9e8de78 -> 
  custom:SearchIndexIgnoredProperties: e643bd26f0fe6173181afceb89e7c659 -> 
  custom:scripting/monoscript/fileName/Demo_FreeCam.cs: e0dde267075d440dc69d9f081a817ac2 -> 4b2f37dcaf4b64981991393c1397d03c
  custom:AudioImporter_EditorPlatform: d09bf68614088b80899f8185d706f6e7 -> 
  custom:video-encoder-webm-vp8: eb34c28f22e8b96e1ab97ce403110664 -> 
  custom:audio-decoder-ogg-vorbis: bf7c407c2cedff20999df2af8eb42d56 -> 
  custom:audio-encoder-webm-vorbis: bf7c407c2cedff20999df2af8eb42d56 -> 
========================================================================
Received Import Request.
  Time since last request: 114736.412786 seconds.
  path: Assets/Prefab/Vefects/Trails VFX URP/VFX/Textures/T_VFX_Gradient_01.png
  artifactKey: Guid(3325a9de541ba5f419bc63d6c05ad52c) Importer(815301076,1909f56bfc062723c751e8b465ee728b)
Start importing Assets/Prefab/Vefects/Trails VFX URP/VFX/Textures/T_VFX_Gradient_01.png using Guid(3325a9de541ba5f419bc63d6c05ad52c) Importer(815301076,1909f56bfc062723c751e8b465ee728b)  -> (artifact id: '7fae488513e0ce31c3c063a68e3e3264') in 0.052618 seconds
Number of updated asset objects reloaded before import = 0
Number of asset objects unloaded after import = 2
========================================================================
Received Import Request.
  Time since last request: 0.000020 seconds.
  path: Assets/Prefab/Vefects/Trails VFX URP/VFX/Textures/T_VFX_Normal_01.png
  artifactKey: Guid(3d69730a43217674998dff9e743e07a1) Importer(815301076,1909f56bfc062723c751e8b465ee728b)
Start importing Assets/Prefab/Vefects/Trails VFX URP/VFX/Textures/T_VFX_Normal_01.png using Guid(3d69730a43217674998dff9e743e07a1) Importer(815301076,1909f56bfc062723c751e8b465ee728b)  -> (artifact id: 'c9756274030a6c841533e5c805bb1bc4') in 0.039244 seconds
Number of updated asset objects reloaded before import = 0
Number of asset objects unloaded after import = 2
========================================================================
Received Import Request.
  Time since last request: 0.000019 seconds.
  path: Assets/Prefab/Vefects/Trails VFX URP/VFX/Textures/T_VFX_Trail_03.png
  artifactKey: Guid(6eca62397c1b34b468dbe67347d201a7) Importer(815301076,1909f56bfc062723c751e8b465ee728b)
Start importing Assets/Prefab/Vefects/Trails VFX URP/VFX/Textures/T_VFX_Trail_03.png using Guid(6eca62397c1b34b468dbe67347d201a7) Importer(815301076,1909f56bfc062723c751e8b465ee728b)  -> (artifact id: 'fdaba4c8ebc5d47c82e95f8dc5d7a035') in 0.019109 seconds
Number of updated asset objects reloaded before import = 0
Number of asset objects unloaded after import = 2
========================================================================
Received Import Request.
  Time since last request: 0.000033 seconds.
  path: Assets/Prefab/Vefects/Trails VFX URP/VFX/Textures/T_VFX_Noises_01.png
  artifactKey: Guid(d0edf1cc670b20e46b71dc6f84e2fd83) Importer(815301076,1909f56bfc062723c751e8b465ee728b)
Start importing Assets/Prefab/Vefects/Trails VFX URP/VFX/Textures/T_VFX_Noises_01.png using Guid(d0edf1cc670b20e46b71dc6f84e2fd83) Importer(815301076,1909f56bfc062723c751e8b465ee728b)  -> (artifact id: 'ffe68503491e769b71cee6dd6df82357') in 0.020243 seconds
Number of updated asset objects reloaded before import = 0
Number of asset objects unloaded after import = 2
========================================================================
Received Import Request.
  Time since last request: 0.000014 seconds.
  path: Assets/Prefab/Vefects/Trails VFX URP/VFX/Textures/T_VFX_Gradient_02.png
  artifactKey: Guid(cc89a3a78b372cd4b9079fce1e5954ea) Importer(815301076,1909f56bfc062723c751e8b465ee728b)
Start importing Assets/Prefab/Vefects/Trails VFX URP/VFX/Textures/T_VFX_Gradient_02.png using Guid(cc89a3a78b372cd4b9079fce1e5954ea) Importer(815301076,1909f56bfc062723c751e8b465ee728b)  -> (artifact id: 'b3fe038421cc3fbaa7f1aaac04e00f1b') in 0.017198 seconds
Number of updated asset objects reloaded before import = 0
Number of asset objects unloaded after import = 2
========================================================================
Received Import Request.
  Time since last request: 0.000013 seconds.
  path: Assets/Prefab/Vefects/Trails VFX URP/VFX/Textures/T_VFX_Trail_Music.png
  artifactKey: Guid(742effd9aa01f564f980f1715da7147b) Importer(815301076,1909f56bfc062723c751e8b465ee728b)
Start importing Assets/Prefab/Vefects/Trails VFX URP/VFX/Textures/T_VFX_Trail_Music.png using Guid(742effd9aa01f564f980f1715da7147b) Importer(815301076,1909f56bfc062723c751e8b465ee728b)  -> (artifact id: 'd1cdf8060ffbe1bbbcb50aad1d61c8cd') in 0.017682 seconds
Number of updated asset objects reloaded before import = 0
Number of asset objects unloaded after import = 2
========================================================================
Received Import Request.
  Time since last request: 0.000026 seconds.
  path: Assets/Prefab/Vefects/Trails VFX URP/VFX/Textures/T_VFX_Gradient_03.png
  artifactKey: Guid(da2b272d8dc75004e8e58b9e748470ea) Importer(815301076,1909f56bfc062723c751e8b465ee728b)
Start importing Assets/Prefab/Vefects/Trails VFX URP/VFX/Textures/T_VFX_Gradient_03.png using Guid(da2b272d8dc75004e8e58b9e748470ea) Importer(815301076,1909f56bfc062723c751e8b465ee728b)  -> (artifact id: '7fe0995f80d8f6a5b6736fb62ba4f1bf') in 0.016257 seconds
Number of updated asset objects reloaded before import = 0
Number of asset objects unloaded after import = 2
========================================================================
Received Import Request.
  Time since last request: 2.286426 seconds.
  path: Assets/Prefab/Vefects/Trails VFX URP/VFX/Materials/M_VFX_Trail_Cosmos_02.mat
  artifactKey: Guid(c4a9898349834844e8f70246d5e33538) Importer(815301076,1909f56bfc062723c751e8b465ee728b)
Start importing Assets/Prefab/Vefects/Trails VFX URP/VFX/Materials/M_VFX_Trail_Cosmos_02.mat using Guid(c4a9898349834844e8f70246d5e33538) Importer(815301076,1909f56bfc062723c751e8b465ee728b)  -> (artifact id: 'fdbdbd9b0dc8981faae6fc71407ae0ea') in 0.056657 seconds
Number of updated asset objects reloaded before import = 0
Number of asset objects unloaded after import = 4
========================================================================
Received Import Request.
  Time since last request: 0.000018 seconds.
  path: Assets/Prefab/Vefects/Trails VFX URP/VFX/Materials/M_VFX_Trail_Nature_02.mat
  artifactKey: Guid(ccf4748f8fcb76842b8aed4ebcaffbfd) Importer(815301076,1909f56bfc062723c751e8b465ee728b)
Start importing Assets/Prefab/Vefects/Trails VFX URP/VFX/Materials/M_VFX_Trail_Nature_02.mat using Guid(ccf4748f8fcb76842b8aed4ebcaffbfd) Importer(815301076,1909f56bfc062723c751e8b465ee728b)  -> (artifact id: '364172e5f0720832da90492ed2b7aa43') in 0.007651 seconds
Number of updated asset objects reloaded before import = 0
Number of asset objects unloaded after import = 4
========================================================================
Received Import Request.
  Time since last request: 0.000014 seconds.
  path: Assets/Prefab/Vefects/Trails VFX URP/VFX/Materials/M_VFX_Trail_Water_01.mat
  artifactKey: Guid(c1eb2c55c7a0007498dedba8627fc122) Importer(815301076,1909f56bfc062723c751e8b465ee728b)
Start importing Assets/Prefab/Vefects/Trails VFX URP/VFX/Materials/M_VFX_Trail_Water_01.mat using Guid(c1eb2c55c7a0007498dedba8627fc122) Importer(815301076,1909f56bfc062723c751e8b465ee728b)  -> (artifact id: '34a505b95f8396202c310bed29d38337') in 0.007741 seconds
Number of updated asset objects reloaded before import = 0
Number of asset objects unloaded after import = 5
========================================================================
Received Import Request.
  Time since last request: 0.000013 seconds.
  path: Assets/Prefab/Vefects/Trails VFX URP/VFX/Materials/M_VFX_Trail_Dark_01.mat
  artifactKey: Guid(bd8728c523aee044a962fccad8ca32e8) Importer(815301076,1909f56bfc062723c751e8b465ee728b)
Start importing Assets/Prefab/Vefects/Trails VFX URP/VFX/Materials/M_VFX_Trail_Dark_01.mat using Guid(bd8728c523aee044a962fccad8ca32e8) Importer(815301076,1909f56bfc062723c751e8b465ee728b)  -> (artifact id: 'cba229554e1e35db2681b02c613d0787') in 0.011695 seconds
Number of updated asset objects reloaded before import = 0
Number of asset objects unloaded after import = 5
========================================================================
Received Import Request.
  Time since last request: 0.000018 seconds.
  path: Assets/Prefab/Vefects/Trails VFX URP/VFX/Materials/M_VFX_Trail_Water_02.mat
  artifactKey: Guid(0d20bbb949108214db3d7d56e0fa77d3) Importer(815301076,1909f56bfc062723c751e8b465ee728b)
Start importing Assets/Prefab/Vefects/Trails VFX URP/VFX/Materials/M_VFX_Trail_Water_02.mat using Guid(0d20bbb949108214db3d7d56e0fa77d3) Importer(815301076,1909f56bfc062723c751e8b465ee728b)  -> (artifact id: '3757ead00aae2793bba410ec3dd89cf8') in 0.007803 seconds
Number of updated asset objects reloaded before import = 0
Number of asset objects unloaded after import = 5
========================================================================
Received Import Request.
  Time since last request: 0.000015 seconds.
  path: Assets/Prefab/Vefects/Trails VFX URP/VFX/Materials/M_VFX_Trail_Dark_02.mat
  artifactKey: Guid(9a2e5fcb985bf2e4d9a5c45621ec2bd4) Importer(815301076,1909f56bfc062723c751e8b465ee728b)
Start importing Assets/Prefab/Vefects/Trails VFX URP/VFX/Materials/M_VFX_Trail_Dark_02.mat using Guid(9a2e5fcb985bf2e4d9a5c45621ec2bd4) Importer(815301076,1909f56bfc062723c751e8b465ee728b)  -> (artifact id: 'd96459933bb89d649f619a2aba3187d6') in 0.007486 seconds
Number of updated asset objects reloaded before import = 0
Number of asset objects unloaded after import = 4
========================================================================
Received Import Request.
  Time since last request: 0.000015 seconds.
  path: Assets/Prefab/Vefects/Trails VFX URP/VFX/Materials/M_VFX_Trail_Nature_01.mat
  artifactKey: Guid(17f7d5076bc13bf4d95ab396ce010486) Importer(815301076,1909f56bfc062723c751e8b465ee728b)
Start importing Assets/Prefab/Vefects/Trails VFX URP/VFX/Materials/M_VFX_Trail_Nature_01.mat using Guid(17f7d5076bc13bf4d95ab396ce010486) Importer(815301076,1909f56bfc062723c751e8b465ee728b)  -> (artifact id: 'c88644a1e0810c4fe77e1853996adbfa') in 0.006739 seconds
Number of updated asset objects reloaded before import = 0
Number of asset objects unloaded after import = 4
========================================================================
Received Prepare
Begin MonoManager ReloadAssembly
- Loaded All Assemblies, in  0.476 seconds
Refreshing native plugins compatible for Editor in 3.26 ms, found 3 plugins.
Native extension for WindowsStandalone target not found
[Package Manager] Server::EnsureServerProcessIsRunning -- launch failed, reason: Unity was launched with the -noUpm command-line argument
[Package Manager] UpmClient::Send -- Unable to send message (not connected to UPM process).
[Package Manager] Cannot connect to Unity Package Manager local server
Mono: successfully reloaded assembly
- Finished resetting the current domain, in  0.959 seconds
Domain Reload Profiling: 1432ms
	BeginReloadAssembly (157ms)
		ExecutionOrderSort (0ms)
		DisableScriptedObjects (4ms)
		BackupInstance (0ms)
		ReleaseScriptingObjects (0ms)
		CreateAndSetChildDomain (43ms)
	RebuildCommonClasses (29ms)
	RebuildNativeTypeToScriptingClass (13ms)
	initialDomainReloadingComplete (29ms)
	LoadAllAssembliesAndSetupDomain (246ms)
		LoadAssemblies (292ms)
		RebuildTransferFunctionScriptingTraits (0ms)
		AnalyzeDomain (25ms)
			TypeCache.Refresh (7ms)
				TypeCache.ScanAssembly (0ms)
			ScanForSourceGeneratedMonoScriptInfo (10ms)
			ResolveRequiredComponents (6ms)
	FinalizeReload (959ms)
		ReleaseScriptCaches (0ms)
		RebuildScriptCaches (0ms)
		SetupLoadedEditorAssemblies (480ms)
			LogAssemblyErrors (0ms)
			InitializePlatformSupportModulesInManaged (7ms)
			SetLoadedEditorAssemblies (5ms)
			RefreshPlugins (0ms)
			BeforeProcessingInitializeOnLoad (61ms)
			ProcessInitializeOnLoadAttributes (376ms)
			ProcessInitializeOnLoadMethodAttributes (24ms)
			AfterProcessingInitializeOnLoad (7ms)
			EditorAssembliesLoaded (0ms)
		ExecutionOrderSort2 (0ms)
		AwakeInstancesAfterBackupRestoration (6ms)
Refreshing native plugins compatible for Editor in 3.17 ms, found 3 plugins.
Preloading 0 native plugins for Editor in 0.00 ms.
Unloading 3456 Unused Serialized files (Serialized files now loaded: 0)
Unloading 29 unused Assets / (87.7 KB). Loaded Objects now: 3994.
Memory consumption went from 138.3 MB to 138.2 MB.
Total: 2.332000 ms (FindLiveObjects: 0.258000 ms CreateObjectMapping: 0.106500 ms MarkObjects: 1.865600 ms  DeleteObjects: 0.100800 ms)

Prepare: number of updated asset objects reloaded= 0
AssetImportParameters requested are different than current active one (requested -> active):
  custom:container-demuxer-ogg: 62fdf1f143b41e24485cea50d1cbac27 -> 
  custom:video-decoder-ogg-theora: a1e56fd34408186e4bbccfd4996cb3dc -> 
  custom:framework-win-MediaFoundation: 216162199b28c13a410421893ffa2e32 -> 
  custom:CustomObjectIndexerAttribute: 6d391050e5a25f67b0a2c618074f2cd9 -> 
  custom:scripting/monoscript/fileName/Demo_TurningAround.cs: 81f6d63e64c8ded113e2ad22fedd7e86 -> 9d68750fa4869b8fd6d7a0e3b1544925
  custom:container-demuxer-webm: 4f35f7cbe854078d1ac9338744f61a02 -> 
  custom:container-muxer-webm: aa71ff27fc2769a1b78a27578f13a17b -> 
  custom:video-decoder-webm-vp8: 9c59270c3fd7afecdb556c50c9e8de78 -> 
  custom:SearchIndexIgnoredProperties: e643bd26f0fe6173181afceb89e7c659 -> 
  custom:scripting/monoscript/fileName/Demo_FreeCam.cs: e0dde267075d440dc69d9f081a817ac2 -> 4b2f37dcaf4b64981991393c1397d03c
  custom:AudioImporter_EditorPlatform: d09bf68614088b80899f8185d706f6e7 -> 
  custom:video-encoder-webm-vp8: eb34c28f22e8b96e1ab97ce403110664 -> 
  custom:audio-decoder-ogg-vorbis: bf7c407c2cedff20999df2af8eb42d56 -> 
  custom:audio-encoder-webm-vorbis: bf7c407c2cedff20999df2af8eb42d56 -> 
========================================================================
Received Prepare
Begin MonoManager ReloadAssembly
- Loaded All Assemblies, in  0.357 seconds
Refreshing native plugins compatible for Editor in 2.95 ms, found 3 plugins.
Native extension for WindowsStandalone target not found
[Package Manager] Server::EnsureServerProcessIsRunning -- launch failed, reason: Unity was launched with the -noUpm command-line argument
[Package Manager] UpmClient::Send -- Unable to send message (not connected to UPM process).
[Package Manager] Cannot connect to Unity Package Manager local server
Mono: successfully reloaded assembly
- Finished resetting the current domain, in  0.790 seconds
Domain Reload Profiling: 1145ms
	BeginReloadAssembly (120ms)
		ExecutionOrderSort (0ms)
		DisableScriptedObjects (3ms)
		BackupInstance (0ms)
		ReleaseScriptingObjects (0ms)
		CreateAndSetChildDomain (26ms)
	RebuildCommonClasses (28ms)
	RebuildNativeTypeToScriptingClass (9ms)
	initialDomainReloadingComplete (22ms)
	LoadAllAssembliesAndSetupDomain (176ms)
		LoadAssemblies (220ms)
		RebuildTransferFunctionScriptingTraits (0ms)
		AnalyzeDomain (19ms)
			TypeCache.Refresh (8ms)
				TypeCache.ScanAssembly (0ms)
			ScanForSourceGeneratedMonoScriptInfo (6ms)
			ResolveRequiredComponents (4ms)
	FinalizeReload (791ms)
		ReleaseScriptCaches (0ms)
		RebuildScriptCaches (0ms)
		SetupLoadedEditorAssemblies (391ms)
			LogAssemblyErrors (0ms)
			InitializePlatformSupportModulesInManaged (5ms)
			SetLoadedEditorAssemblies (3ms)
			RefreshPlugins (0ms)
			BeforeProcessingInitializeOnLoad (48ms)
			ProcessInitializeOnLoadAttributes (309ms)
			ProcessInitializeOnLoadMethodAttributes (20ms)
			AfterProcessingInitializeOnLoad (5ms)
			EditorAssembliesLoaded (0ms)
		ExecutionOrderSort2 (0ms)
		AwakeInstancesAfterBackupRestoration (7ms)
Refreshing native plugins compatible for Editor in 2.81 ms, found 3 plugins.
Preloading 0 native plugins for Editor in 0.00 ms.
Unloading 3461 Unused Serialized files (Serialized files now loaded: 0)
Unloading 29 unused Assets / (248.4 KB). Loaded Objects now: 3999.
Memory consumption went from 141.1 MB to 140.9 MB.
Total: 2.350300 ms (FindLiveObjects: 0.217000 ms CreateObjectMapping: 0.111100 ms MarkObjects: 1.880000 ms  DeleteObjects: 0.141200 ms)

Prepare: number of updated asset objects reloaded= 0
AssetImportParameters requested are different than current active one (requested -> active):
  custom:container-demuxer-ogg: 62fdf1f143b41e24485cea50d1cbac27 -> 
  custom:video-decoder-ogg-theora: a1e56fd34408186e4bbccfd4996cb3dc -> 
  custom:framework-win-MediaFoundation: 216162199b28c13a410421893ffa2e32 -> 
  custom:CustomObjectIndexerAttribute: 6d391050e5a25f67b0a2c618074f2cd9 -> 
  custom:scripting/monoscript/fileName/Demo_TurningAround.cs: a0de9253a69aa05abaef02d18015f329 -> 81f6d63e64c8ded113e2ad22fedd7e86
  custom:container-demuxer-webm: 4f35f7cbe854078d1ac9338744f61a02 -> 
  custom:container-muxer-webm: aa71ff27fc2769a1b78a27578f13a17b -> 
  custom:video-decoder-webm-vp8: 9c59270c3fd7afecdb556c50c9e8de78 -> 
  custom:SearchIndexIgnoredProperties: e643bd26f0fe6173181afceb89e7c659 -> 
  custom:scripting/monoscript/fileName/Demo_FreeCam.cs: 989dfd6355c47c7f291f737e3ba6904b -> e0dde267075d440dc69d9f081a817ac2
  custom:AudioImporter_EditorPlatform: d09bf68614088b80899f8185d706f6e7 -> 
  custom:video-encoder-webm-vp8: eb34c28f22e8b96e1ab97ce403110664 -> 
  custom:audio-decoder-ogg-vorbis: bf7c407c2cedff20999df2af8eb42d56 -> 
  custom:audio-encoder-webm-vorbis: bf7c407c2cedff20999df2af8eb42d56 -> 
========================================================================
Received Prepare
Begin MonoManager ReloadAssembly
- Loaded All Assemblies, in  0.425 seconds
Refreshing native plugins compatible for Editor in 3.90 ms, found 3 plugins.
Native extension for WindowsStandalone target not found
[Package Manager] Server::EnsureServerProcessIsRunning -- launch failed, reason: Unity was launched with the -noUpm command-line argument
[Package Manager] UpmClient::Send -- Unable to send message (not connected to UPM process).
[Package Manager] Cannot connect to Unity Package Manager local server
Mono: successfully reloaded assembly
- Finished resetting the current domain, in  0.779 seconds
Domain Reload Profiling: 1201ms
	BeginReloadAssembly (133ms)
		ExecutionOrderSort (0ms)
		DisableScriptedObjects (5ms)
		BackupInstance (0ms)
		ReleaseScriptingObjects (0ms)
		CreateAndSetChildDomain (33ms)
	RebuildCommonClasses (27ms)
	RebuildNativeTypeToScriptingClass (11ms)
	initialDomainReloadingComplete (28ms)
	LoadAllAssembliesAndSetupDomain (223ms)
		LoadAssemblies (264ms)
		RebuildTransferFunctionScriptingTraits (0ms)
		AnalyzeDomain (26ms)
			TypeCache.Refresh (10ms)
				TypeCache.ScanAssembly (0ms)
			ScanForSourceGeneratedMonoScriptInfo (10ms)
			ResolveRequiredComponents (5ms)
	FinalizeReload (780ms)
		ReleaseScriptCaches (0ms)
		RebuildScriptCaches (0ms)
		SetupLoadedEditorAssemblies (386ms)
			LogAssemblyErrors (0ms)
			InitializePlatformSupportModulesInManaged (5ms)
			SetLoadedEditorAssemblies (3ms)
			RefreshPlugins (0ms)
			BeforeProcessingInitializeOnLoad (52ms)
			ProcessInitializeOnLoadAttributes (302ms)
			ProcessInitializeOnLoadMethodAttributes (18ms)
			AfterProcessingInitializeOnLoad (6ms)
			EditorAssembliesLoaded (0ms)
		ExecutionOrderSort2 (0ms)
		AwakeInstancesAfterBackupRestoration (7ms)
Refreshing native plugins compatible for Editor in 2.32 ms, found 3 plugins.
Preloading 0 native plugins for Editor in 0.00 ms.
Unloading 3461 Unused Serialized files (Serialized files now loaded: 0)
Unloading 29 unused Assets / (264.7 KB). Loaded Objects now: 4002.
Memory consumption went from 143.1 MB to 142.8 MB.
Total: 2.373000 ms (FindLiveObjects: 0.196600 ms CreateObjectMapping: 0.106800 ms MarkObjects: 1.889400 ms  DeleteObjects: 0.179400 ms)

Prepare: number of updated asset objects reloaded= 0
AssetImportParameters requested are different than current active one (requested -> active):
  custom:container-demuxer-ogg: 62fdf1f143b41e24485cea50d1cbac27 -> 
  custom:video-decoder-ogg-theora: a1e56fd34408186e4bbccfd4996cb3dc -> 
  custom:framework-win-MediaFoundation: 216162199b28c13a410421893ffa2e32 -> 
  custom:CustomObjectIndexerAttribute: 6d391050e5a25f67b0a2c618074f2cd9 -> 
  custom:scripting/monoscript/fileName/Demo_TurningAround.cs: d384d5243b383c008084b71db7824404 -> a0de9253a69aa05abaef02d18015f329
  custom:container-demuxer-webm: 4f35f7cbe854078d1ac9338744f61a02 -> 
  custom:container-muxer-webm: aa71ff27fc2769a1b78a27578f13a17b -> 
  custom:video-decoder-webm-vp8: 9c59270c3fd7afecdb556c50c9e8de78 -> 
  custom:SearchIndexIgnoredProperties: e643bd26f0fe6173181afceb89e7c659 -> 
  custom:scripting/monoscript/fileName/Demo_FreeCam.cs: 77c86f5778d0badf4a6d0b1cea393702 -> 989dfd6355c47c7f291f737e3ba6904b
  custom:AudioImporter_EditorPlatform: d09bf68614088b80899f8185d706f6e7 -> 
  custom:video-encoder-webm-vp8: eb34c28f22e8b96e1ab97ce403110664 -> 
  custom:audio-decoder-ogg-vorbis: bf7c407c2cedff20999df2af8eb42d56 -> 
  custom:audio-encoder-webm-vorbis: bf7c407c2cedff20999df2af8eb42d56 -> 
========================================================================
Received Import Request.
  Time since last request: 85.602913 seconds.
  path: Assets/Prefab/Vefects/Trails SRP/VFX/Particles/VFX_Trail_Dark.prefab
  artifactKey: Guid(ae6bdf3417a5d6047a559654858dac31) Importer(815301076,1909f56bfc062723c751e8b465ee728b)
Start importing Assets/Prefab/Vefects/Trails SRP/VFX/Particles/VFX_Trail_Dark.prefab using Guid(ae6bdf3417a5d6047a559654858dac31) Importer(815301076,1909f56bfc062723c751e8b465ee728b)  -> (artifact id: '79dc6743d3cd6f4aa9c49cd8357396dd') in 0.216755 seconds
Number of updated asset objects reloaded before import = 0
Number of asset objects unloaded after import = 30
========================================================================
Received Import Request.
  Time since last request: 0.000013 seconds.
  path: Assets/Prefab/Vefects/Trails SRP/VFX/Particles/VFX_Trail_Fire.prefab
  artifactKey: Guid(101a8868c1adc5b40bdaf7526f47b7b5) Importer(815301076,1909f56bfc062723c751e8b465ee728b)
Start importing Assets/Prefab/Vefects/Trails SRP/VFX/Particles/VFX_Trail_Fire.prefab using Guid(101a8868c1adc5b40bdaf7526f47b7b5) Importer(815301076,1909f56bfc062723c751e8b465ee728b)  -> (artifact id: 'bd4a74e6f7b7eefd76e76ddce59ea54b') in 0.027981 seconds
Number of updated asset objects reloaded before import = 0
Number of asset objects unloaded after import = 23
========================================================================
Received Import Request.
  Time since last request: 0.000027 seconds.
  path: Assets/Prefab/Vefects/Trails SRP/VFX/Particles/VFX_Trail_Sound.prefab
  artifactKey: Guid(a92ebdf897fa283428c50a41fe4411a5) Importer(815301076,1909f56bfc062723c751e8b465ee728b)
Start importing Assets/Prefab/Vefects/Trails SRP/VFX/Particles/VFX_Trail_Sound.prefab using Guid(a92ebdf897fa283428c50a41fe4411a5) Importer(815301076,1909f56bfc062723c751e8b465ee728b)  -> (artifact id: '8a1ea7e27f3e6b81cdab1f92f2a0f9c8') in 0.018067 seconds
Number of updated asset objects reloaded before import = 0
Number of asset objects unloaded after import = 15
========================================================================
Received Import Request.
  Time since last request: 0.000011 seconds.
  path: Assets/Prefab/Vefects/Trails SRP/VFX/Particles/VFX_Trail_Ice.prefab
  artifactKey: Guid(a64a37f3dcfb87f44a8c6236b5d49b20) Importer(815301076,1909f56bfc062723c751e8b465ee728b)
Start importing Assets/Prefab/Vefects/Trails SRP/VFX/Particles/VFX_Trail_Ice.prefab using Guid(a64a37f3dcfb87f44a8c6236b5d49b20) Importer(815301076,1909f56bfc062723c751e8b465ee728b)  -> (artifact id: '182ace91b9b88c8d82e44b103e3cb977') in 0.019817 seconds
Number of updated asset objects reloaded before import = 0
Number of asset objects unloaded after import = 23
========================================================================
Received Import Request.
  Time since last request: 0.000013 seconds.
  path: Assets/Prefab/Vefects/Trails SRP/VFX/Particles/VFX_Trail_Nature.prefab
  artifactKey: Guid(26169785b8e30c944a512729256a05cd) Importer(815301076,1909f56bfc062723c751e8b465ee728b)
Start importing Assets/Prefab/Vefects/Trails SRP/VFX/Particles/VFX_Trail_Nature.prefab using Guid(26169785b8e30c944a512729256a05cd) Importer(815301076,1909f56bfc062723c751e8b465ee728b)  -> (artifact id: '70de9b435649615e32b1ecb61df53222') in 0.017512 seconds
Number of updated asset objects reloaded before import = 0
Number of asset objects unloaded after import = 21
========================================================================
Received Import Request.
  Time since last request: 0.000021 seconds.
  path: Assets/Prefab/Vefects/Trails SRP/VFX/Particles/VFX_Trail_Electric.prefab
  artifactKey: Guid(395d5ec7f996d364f94e11cfb40736d3) Importer(815301076,1909f56bfc062723c751e8b465ee728b)
Start importing Assets/Prefab/Vefects/Trails SRP/VFX/Particles/VFX_Trail_Electric.prefab using Guid(395d5ec7f996d364f94e11cfb40736d3) Importer(815301076,1909f56bfc062723c751e8b465ee728b)  -> (artifact id: '78beafa76e44b529249478a6a45d1b09') in 0.017201 seconds
Number of updated asset objects reloaded before import = 0
Number of asset objects unloaded after import = 31
Editor requested this worker to shutdown with reason: Scaling down because of idle timeout
TcpMessagingSession - receive error: operation aborted. errorcode: 995, details: I/O-handlingen er blevet afbrudt pga. en afsluttende tråd eller programanmodning.
AssetImportWorker is now disconnected from the server
Process exiting
Exiting without the bug reporter. Application will terminate with return code 0