Using pre-set license
Built from '2022.3/staging' branch; Version is '2022.3.19f1 (244b723c30a6) revision 2378610'; Using compiler version '192829333'; Build Type 'Release'
OS: 'Windows 10  (10.0.19045) 64bit Core' Language: 'da' Physical Memory: 16221 MB
BatchMode: 1, IsHumanControllingUs: 0, StartBugReporterOnCrash: 0, Is64bit: 1, IsPro: 1

COMMAND LINE ARGUMENTS:
C:\Program Files\Unity\Hub\Editor\2022.3.19f1\Editor\Unity.exe
-adb2
-batchMode
-noUpm
-name
AssetImportWorker2
-projectPath
C:/Users/speed/PI3DW - 3xExterminate
-logFile
Logs/AssetImportWorker2.log
-srvPort
53726
Successfully changed project path to: C:/Users/speed/PI3DW - 3xExterminate
C:/Users/speed/PI3DW - 3xExterminate
[UnityMemory] Configuration Parameters - Can be set up in boot.config
    "memorysetup-bucket-allocator-granularity=16"
    "memorysetup-bucket-allocator-bucket-count=8"
    "memorysetup-bucket-allocator-block-size=33554432"
    "memorysetup-bucket-allocator-block-count=8"
    "memorysetup-main-allocator-block-size=16777216"
    "memorysetup-thread-allocator-block-size=16777216"
    "memorysetup-gfx-main-allocator-block-size=16777216"
    "memorysetup-gfx-thread-allocator-block-size=16777216"
    "memorysetup-cache-allocator-block-size=4194304"
    "memorysetup-typetree-allocator-block-size=2097152"
    "memorysetup-profiler-bucket-allocator-granularity=16"
    "memorysetup-profiler-bucket-allocator-bucket-count=8"
    "memorysetup-profiler-bucket-allocator-block-size=33554432"
    "memorysetup-profiler-bucket-allocator-block-count=8"
    "memorysetup-profiler-allocator-block-size=16777216"
    "memorysetup-profiler-editor-allocator-block-size=1048576"
    "memorysetup-temp-allocator-size-main=16777216"
    "memorysetup-job-temp-allocator-block-size=2097152"
    "memorysetup-job-temp-allocator-block-size-background=1048576"
    "memorysetup-job-temp-allocator-reduction-small-platforms=262144"
    "memorysetup-allocator-temp-initial-block-size-main=262144"
    "memorysetup-allocator-temp-initial-block-size-worker=262144"
    "memorysetup-temp-allocator-size-background-worker=32768"
    "memorysetup-temp-allocator-size-job-worker=262144"
    "memorysetup-temp-allocator-size-preload-manager=33554432"
    "memorysetup-temp-allocator-size-nav-mesh-worker=65536"
    "memorysetup-temp-allocator-size-audio-worker=65536"
    "memorysetup-temp-allocator-size-cloud-worker=32768"
    "memorysetup-temp-allocator-size-gi-baking-worker=262144"
    "memorysetup-temp-allocator-size-gfx=262144"
Player connection [24904] Host "[IP] 192.168.50.112 [Port] 0 [Flags] 2 [Guid] 4193860122 [EditorId] 4193860122 [Version] 1048832 [Id] WindowsEditor(7,DESKTOP-VEGBCRH) [Debug] 1 [PackageName] WindowsEditor [ProjectName] Editor" joined multi-casting on [225.0.0.222:54997]...

Player connection [24904] Host "[IP] 192.168.50.112 [Port] 0 [Flags] 2 [Guid] 4193860122 [EditorId] 4193860122 [Version] 1048832 [Id] WindowsEditor(7,DESKTOP-VEGBCRH) [Debug] 1 [PackageName] WindowsEditor [ProjectName] Editor" joined alternative multi-casting on [225.0.0.222:34997]...

[Physics::Module] Initialized MultithreadedJobDispatcher with 15 workers.
Refreshing native plugins compatible for Editor in 7.85 ms, found 3 plugins.
Preloading 0 native plugins for Editor in 0.00 ms.
Initialize engine version: 2022.3.19f1 (244b723c30a6)
[Subsystems] Discovering subsystems at path C:/Program Files/Unity/Hub/Editor/2022.3.19f1/Editor/Data/Resources/UnitySubsystems
[Subsystems] Discovering subsystems at path C:/Users/speed/PI3DW - 3xExterminate/Assets
GfxDevice: creating device client; threaded=0; jobified=0
Direct3D:
    Version:  Direct3D 11.0 [level 11.1]
    Renderer: NVIDIA GeForce RTX 3060 Ti (ID=0x2489)
    Vendor:   NVIDIA
    VRAM:     8024 MB
    Driver:   32.0.15.6094
Initialize mono
Mono path[0] = 'C:/Program Files/Unity/Hub/Editor/2022.3.19f1/Editor/Data/Managed'
Mono path[1] = 'C:/Program Files/Unity/Hub/Editor/2022.3.19f1/Editor/Data/MonoBleedingEdge/lib/mono/unityjit-win32'
Mono config path = 'C:/Program Files/Unity/Hub/Editor/2022.3.19f1/Editor/Data/MonoBleedingEdge/etc'
Using monoOptions --debugger-agent=transport=dt_socket,embedding=1,server=y,suspend=n,address=127.0.0.1:56612
Begin MonoManager ReloadAssembly
Registering precompiled unity dll's ...
Register platform support module: C:/Program Files/Unity/Hub/Editor/2022.3.19f1/Editor/Data/PlaybackEngines/WindowsStandaloneSupport/UnityEditor.WindowsStandalone.Extensions.dll
Registered in 0.005668 seconds.
- Loaded All Assemblies, in  0.266 seconds
Native extension for WindowsStandalone target not found
Mono: successfully reloaded assembly
- Finished resetting the current domain, in  0.221 seconds
Domain Reload Profiling: 486ms
	BeginReloadAssembly (79ms)
		ExecutionOrderSort (0ms)
		DisableScriptedObjects (0ms)
		BackupInstance (0ms)
		ReleaseScriptingObjects (0ms)
		CreateAndSetChildDomain (1ms)
	RebuildCommonClasses (27ms)
	RebuildNativeTypeToScriptingClass (8ms)
	initialDomainReloadingComplete (44ms)
	LoadAllAssembliesAndSetupDomain (107ms)
		LoadAssemblies (77ms)
		RebuildTransferFunctionScriptingTraits (0ms)
		AnalyzeDomain (106ms)
			TypeCache.Refresh (105ms)
				TypeCache.ScanAssembly (94ms)
			ScanForSourceGeneratedMonoScriptInfo (0ms)
			ResolveRequiredComponents (0ms)
	FinalizeReload (221ms)
		ReleaseScriptCaches (0ms)
		RebuildScriptCaches (0ms)
		SetupLoadedEditorAssemblies (175ms)
			LogAssemblyErrors (0ms)
			InitializePlatformSupportModulesInManaged (7ms)
			SetLoadedEditorAssemblies (6ms)
			RefreshPlugins (0ms)
			BeforeProcessingInitializeOnLoad (2ms)
			ProcessInitializeOnLoadAttributes (115ms)
			ProcessInitializeOnLoadMethodAttributes (44ms)
			AfterProcessingInitializeOnLoad (0ms)
			EditorAssembliesLoaded (0ms)
		ExecutionOrderSort2 (0ms)
		AwakeInstancesAfterBackupRestoration (0ms)
========================================================================
Worker process is ready to serve import requests
Begin MonoManager ReloadAssembly
- Loaded All Assemblies, in  0.588 seconds
Refreshing native plugins compatible for Editor in 2.97 ms, found 3 plugins.
Native extension for WindowsStandalone target not found
Package Manager log level set to [2]
[Package Manager] Server::EnsureServerProcessIsRunning -- launch failed, reason: Unity was launched with the -noUpm command-line argument
[Package Manager] UpmClient::Send -- Unable to send message (not connected to UPM process).
[Package Manager] Cannot connect to Unity Package Manager local server
Mono: successfully reloaded assembly
- Finished resetting the current domain, in  0.543 seconds
Domain Reload Profiling: 1130ms
	BeginReloadAssembly (112ms)
		ExecutionOrderSort (0ms)
		DisableScriptedObjects (4ms)
		BackupInstance (0ms)
		ReleaseScriptingObjects (0ms)
		CreateAndSetChildDomain (17ms)
	RebuildCommonClasses (32ms)
	RebuildNativeTypeToScriptingClass (14ms)
	initialDomainReloadingComplete (33ms)
	LoadAllAssembliesAndSetupDomain (395ms)
		LoadAssemblies (306ms)
		RebuildTransferFunctionScriptingTraits (0ms)
		AnalyzeDomain (153ms)
			TypeCache.Refresh (132ms)
				TypeCache.ScanAssembly (119ms)
			ScanForSourceGeneratedMonoScriptInfo (15ms)
			ResolveRequiredComponents (5ms)
	FinalizeReload (543ms)
		ReleaseScriptCaches (0ms)
		RebuildScriptCaches (0ms)
		SetupLoadedEditorAssemblies (410ms)
			LogAssemblyErrors (0ms)
			InitializePlatformSupportModulesInManaged (5ms)
			SetLoadedEditorAssemblies (4ms)
			RefreshPlugins (0ms)
			BeforeProcessingInitializeOnLoad (51ms)
			ProcessInitializeOnLoadAttributes (325ms)
			ProcessInitializeOnLoadMethodAttributes (19ms)
			AfterProcessingInitializeOnLoad (5ms)
			EditorAssembliesLoaded (0ms)
		ExecutionOrderSort2 (0ms)
		AwakeInstancesAfterBackupRestoration (7ms)
Shader '/_Vefects_/T/SH_Vefects_VFX_Distor': fallback shader 'Universal Render Pipeline/Unlit' not found
Shader '/_Vefects_/T/SH_Vefects_VFX_Distor': fallback shader 'Universal Render Pipeline/Unlit' not found
Launched and connected shader compiler UnityShaderCompiler.exe after 0.04 seconds
Refreshing native plugins compatible for Editor in 2.91 ms, found 3 plugins.
Preloading 0 native plugins for Editor in 0.00 ms.
Unloading 3488 Unused Serialized files (Serialized files now loaded: 0)
Unloading 42 unused Assets / (414.0 KB). Loaded Objects now: 3950.
Memory consumption went from 138.4 MB to 138.0 MB.
Total: 3.186000 ms (FindLiveObjects: 0.220700 ms CreateObjectMapping: 0.132800 ms MarkObjects: 2.652700 ms  DeleteObjects: 0.178800 ms)

AssetImportParameters requested are different than current active one (requested -> active):
  custom:container-demuxer-ogg: 62fdf1f143b41e24485cea50d1cbac27 -> 
  custom:video-decoder-ogg-theora: a1e56fd34408186e4bbccfd4996cb3dc -> 
  custom:framework-win-MediaFoundation: 216162199b28c13a410421893ffa2e32 -> 
  custom:CustomObjectIndexerAttribute: 6d391050e5a25f67b0a2c618074f2cd9 -> 
  custom:scripting/monoscript/fileName/Demo_TurningAround.cs: 81f6d63e64c8ded113e2ad22fedd7e86 -> 9d68750fa4869b8fd6d7a0e3b1544925
  custom:container-demuxer-webm: 4f35f7cbe854078d1ac9338744f61a02 -> 
  custom:container-muxer-webm: aa71ff27fc2769a1b78a27578f13a17b -> 
  custom:video-decoder-webm-vp8: 9c59270c3fd7afecdb556c50c9e8de78 -> 
  custom:SearchIndexIgnoredProperties: e643bd26f0fe6173181afceb89e7c659 -> 
  custom:scripting/monoscript/fileName/Demo_FreeCam.cs: e0dde267075d440dc69d9f081a817ac2 -> 4b2f37dcaf4b64981991393c1397d03c
  custom:AudioImporter_EditorPlatform: d09bf68614088b80899f8185d706f6e7 -> 
  custom:video-encoder-webm-vp8: eb34c28f22e8b96e1ab97ce403110664 -> 
  custom:audio-decoder-ogg-vorbis: bf7c407c2cedff20999df2af8eb42d56 -> 
  custom:audio-encoder-webm-vorbis: bf7c407c2cedff20999df2af8eb42d56 -> 
========================================================================
Received Import Request.
  Time since last request: 114690.417894 seconds.
  path: Assets/Prefab/Vefects/Trails VFX URP/VFX/Materials/M_VFX_Distortion_01.mat
  artifactKey: Guid(e8814d0af8059dd48b0f6abda21d5896) Importer(815301076,1909f56bfc062723c751e8b465ee728b)
Start importing Assets/Prefab/Vefects/Trails VFX URP/VFX/Materials/M_VFX_Distortion_01.mat using Guid(e8814d0af8059dd48b0f6abda21d5896) Importer(815301076,1909f56bfc062723c751e8b465ee728b)  -> (artifact id: '78cf0e5da35eaec165fbf0d7871451ce') in 0.101800 seconds
Number of updated asset objects reloaded before import = 0
Number of asset objects unloaded after import = 5
========================================================================
Received Import Request.
  Time since last request: 45.820670 seconds.
  path: Assets/Prefab/Vefects/Trails VFX URP/VFX/Textures
  artifactKey: Guid(01747fc8d6a9af94faadb89b5414258e) Importer(815301076,1909f56bfc062723c751e8b465ee728b)
Start importing Assets/Prefab/Vefects/Trails VFX URP/VFX/Textures using Guid(01747fc8d6a9af94faadb89b5414258e) Importer(815301076,1909f56bfc062723c751e8b465ee728b)  -> (artifact id: 'a29a43cb0e1cf0d94a2dcafbe4da625f') in 0.000573 seconds
Number of updated asset objects reloaded before import = 0
Number of asset objects unloaded after import = 0
========================================================================
Received Import Request.
  Time since last request: 0.067821 seconds.
  path: Assets/Prefab/Vefects/Trails VFX URP/VFX/Textures/T_VFX_Glow_01.png
  artifactKey: Guid(d22b5347da11b104f889965ff98f0812) Importer(815301076,1909f56bfc062723c751e8b465ee728b)
Start importing Assets/Prefab/Vefects/Trails VFX URP/VFX/Textures/T_VFX_Glow_01.png using Guid(d22b5347da11b104f889965ff98f0812) Importer(815301076,1909f56bfc062723c751e8b465ee728b)  -> (artifact id: '838edcf680b6b2936624c3a4773f6f85') in 0.024080 seconds
Number of updated asset objects reloaded before import = 0
Number of asset objects unloaded after import = 2
========================================================================
Received Import Request.
  Time since last request: 0.016240 seconds.
  path: Assets/Prefab/Vefects/Trails VFX URP/VFX/Textures/T_VFX_Noises_02.png
  artifactKey: Guid(a593eab558be81643a6f197d0c2e3204) Importer(815301076,1909f56bfc062723c751e8b465ee728b)
Start importing Assets/Prefab/Vefects/Trails VFX URP/VFX/Textures/T_VFX_Noises_02.png using Guid(a593eab558be81643a6f197d0c2e3204) Importer(815301076,1909f56bfc062723c751e8b465ee728b)  -> (artifact id: 'cd6c9a6986d3d2cd40b396ef1de2aa60') in 0.044020 seconds
Number of updated asset objects reloaded before import = 0
Number of asset objects unloaded after import = 2
========================================================================
Received Import Request.
  Time since last request: 0.000019 seconds.
  path: Assets/Prefab/Vefects/Trails VFX URP/VFX/Textures/T_VFX_Trail_02.png
  artifactKey: Guid(7c62bff3e18bae248a540401db4f27f3) Importer(815301076,1909f56bfc062723c751e8b465ee728b)
Start importing Assets/Prefab/Vefects/Trails VFX URP/VFX/Textures/T_VFX_Trail_02.png using Guid(7c62bff3e18bae248a540401db4f27f3) Importer(815301076,1909f56bfc062723c751e8b465ee728b)  -> (artifact id: 'c148ed99179a5f6f0d6b040f0114b43a') in 0.018186 seconds
Number of updated asset objects reloaded before import = 0
Number of asset objects unloaded after import = 2
========================================================================
Received Import Request.
  Time since last request: 0.000028 seconds.
  path: Assets/Prefab/Vefects/Trails VFX URP/VFX/Textures/T_VFX_Trail_04.png
  artifactKey: Guid(5ccd95ba95cc4714e81c81f01663f985) Importer(815301076,1909f56bfc062723c751e8b465ee728b)
Start importing Assets/Prefab/Vefects/Trails VFX URP/VFX/Textures/T_VFX_Trail_04.png using Guid(5ccd95ba95cc4714e81c81f01663f985) Importer(815301076,1909f56bfc062723c751e8b465ee728b)  -> (artifact id: 'a7082d0a17b57f91f48ff9cdca09a84b') in 0.019571 seconds
Number of updated asset objects reloaded before import = 0
Number of asset objects unloaded after import = 2
========================================================================
Received Import Request.
  Time since last request: 0.000018 seconds.
  path: Assets/Prefab/Vefects/Trails VFX URP/VFX/Textures/T_VFX_Trail_01.png
  artifactKey: Guid(ef8946c7fbe595f4a9f13d229eac058d) Importer(815301076,1909f56bfc062723c751e8b465ee728b)
Start importing Assets/Prefab/Vefects/Trails VFX URP/VFX/Textures/T_VFX_Trail_01.png using Guid(ef8946c7fbe595f4a9f13d229eac058d) Importer(815301076,1909f56bfc062723c751e8b465ee728b)  -> (artifact id: '98ba4710f53e90aebb3930492a3beef1') in 0.017790 seconds
Number of updated asset objects reloaded before import = 0
Number of asset objects unloaded after import = 2
========================================================================
Received Import Request.
  Time since last request: 0.000016 seconds.
  path: Assets/Prefab/Vefects/Trails VFX URP/VFX/Textures/T_VFX_Trail_05.png
  artifactKey: Guid(7ecab7fb78c2ccc47a3f579debc16a07) Importer(815301076,1909f56bfc062723c751e8b465ee728b)
Start importing Assets/Prefab/Vefects/Trails VFX URP/VFX/Textures/T_VFX_Trail_05.png using Guid(7ecab7fb78c2ccc47a3f579debc16a07) Importer(815301076,1909f56bfc062723c751e8b465ee728b)  -> (artifact id: '51e037b91a20ca37c3647a0e96080eab') in 0.016408 seconds
Number of updated asset objects reloaded before import = 0
Number of asset objects unloaded after import = 2
========================================================================
Received Import Request.
  Time since last request: 0.000018 seconds.
  path: Assets/Prefab/Vefects/Trails VFX URP/VFX/Textures/T_VFX_Noises_03.png
  artifactKey: Guid(4750cb35d3979474bb25e5388edf81ee) Importer(815301076,1909f56bfc062723c751e8b465ee728b)
Start importing Assets/Prefab/Vefects/Trails VFX URP/VFX/Textures/T_VFX_Noises_03.png using Guid(4750cb35d3979474bb25e5388edf81ee) Importer(815301076,1909f56bfc062723c751e8b465ee728b)  -> (artifact id: '49a7e45567f8b31bee1ee17ae9971d47') in 0.018857 seconds
Number of updated asset objects reloaded before import = 0
Number of asset objects unloaded after import = 2
========================================================================
Received Import Request.
  Time since last request: 2.297434 seconds.
  path: Assets/Prefab/Vefects/Trails VFX URP/VFX/Materials/M_VFX_Trail_Cosmos_01.mat
  artifactKey: Guid(2a9cf3ff8eac1924fbe06543e3af75bb) Importer(815301076,1909f56bfc062723c751e8b465ee728b)
Start importing Assets/Prefab/Vefects/Trails VFX URP/VFX/Materials/M_VFX_Trail_Cosmos_01.mat using Guid(2a9cf3ff8eac1924fbe06543e3af75bb) Importer(815301076,1909f56bfc062723c751e8b465ee728b)  -> (artifact id: 'b19f35f9f9a8f790f15c3636f7aba157') in 0.007921 seconds
Number of updated asset objects reloaded before import = 0
Number of asset objects unloaded after import = 4
========================================================================
Received Import Request.
  Time since last request: 0.000015 seconds.
  path: Assets/Prefab/Vefects/Trails VFX URP/VFX/Materials/M_VFX_Trail_Earth_02.mat
  artifactKey: Guid(2c207a4047db8a645bdc33e2468ce025) Importer(815301076,1909f56bfc062723c751e8b465ee728b)
Start importing Assets/Prefab/Vefects/Trails VFX URP/VFX/Materials/M_VFX_Trail_Earth_02.mat using Guid(2c207a4047db8a645bdc33e2468ce025) Importer(815301076,1909f56bfc062723c751e8b465ee728b)  -> (artifact id: 'd3ca8008486f8826fc84a4a8b7c930a3') in 0.006743 seconds
Number of updated asset objects reloaded before import = 0
Number of asset objects unloaded after import = 4
========================================================================
Received Import Request.
  Time since last request: 0.000014 seconds.
  path: Assets/Prefab/Vefects/Trails VFX URP/VFX/Materials/M_VFX_Trail_Electric_01.mat
  artifactKey: Guid(28b125ea515132044b10f9ce4856c123) Importer(815301076,1909f56bfc062723c751e8b465ee728b)
Start importing Assets/Prefab/Vefects/Trails VFX URP/VFX/Materials/M_VFX_Trail_Electric_01.mat using Guid(28b125ea515132044b10f9ce4856c123) Importer(815301076,1909f56bfc062723c751e8b465ee728b)  -> (artifact id: 'a8793264f60194bd5792e2f932c451da') in 0.006919 seconds
Number of updated asset objects reloaded before import = 0
Number of asset objects unloaded after import = 4
========================================================================
Received Import Request.
  Time since last request: 0.000013 seconds.
  path: Assets/Prefab/Vefects/Trails VFX URP/VFX/Materials/M_VFX_Trail_Fire_02.mat
  artifactKey: Guid(f0b8fb3ecbc2cb048825486e3d63f1ba) Importer(815301076,1909f56bfc062723c751e8b465ee728b)
Start importing Assets/Prefab/Vefects/Trails VFX URP/VFX/Materials/M_VFX_Trail_Fire_02.mat using Guid(f0b8fb3ecbc2cb048825486e3d63f1ba) Importer(815301076,1909f56bfc062723c751e8b465ee728b)  -> (artifact id: '23a7d4992889badea0fa59b028cdbf97') in 0.006457 seconds
Number of updated asset objects reloaded before import = 0
Number of asset objects unloaded after import = 4
========================================================================
Received Import Request.
  Time since last request: 0.000017 seconds.
  path: Assets/Prefab/Vefects/Trails VFX URP/VFX/Materials/M_VFX_Trail_Electric_02.mat
  artifactKey: Guid(ee171b5befa8bf646b69e4e8108a1244) Importer(815301076,1909f56bfc062723c751e8b465ee728b)
Start importing Assets/Prefab/Vefects/Trails VFX URP/VFX/Materials/M_VFX_Trail_Electric_02.mat using Guid(ee171b5befa8bf646b69e4e8108a1244) Importer(815301076,1909f56bfc062723c751e8b465ee728b)  -> (artifact id: '077af267ff49594fafa521cf82742413') in 0.009646 seconds
Number of updated asset objects reloaded before import = 0
Number of asset objects unloaded after import = 5
========================================================================
Received Import Request.
  Time since last request: 0.000016 seconds.
  path: Assets/Prefab/Vefects/Trails VFX URP/VFX/Materials/M_VFX_Trail_Sound.mat
  artifactKey: Guid(80811086e76b6d943a17f4fd3e0b3708) Importer(815301076,1909f56bfc062723c751e8b465ee728b)
Start importing Assets/Prefab/Vefects/Trails VFX URP/VFX/Materials/M_VFX_Trail_Sound.mat using Guid(80811086e76b6d943a17f4fd3e0b3708) Importer(815301076,1909f56bfc062723c751e8b465ee728b)  -> (artifact id: 'eda96c6583d1007f3befde2778a63f5e') in 0.006648 seconds
Number of updated asset objects reloaded before import = 0
Number of asset objects unloaded after import = 3
========================================================================
Received Import Request.
  Time since last request: 0.000027 seconds.
  path: Assets/Prefab/Vefects/Trails VFX URP/VFX/Materials/M_VFX_Trail_Fire_01.mat
  artifactKey: Guid(1f40e5c28f5947e4080405595ab73414) Importer(815301076,1909f56bfc062723c751e8b465ee728b)
Start importing Assets/Prefab/Vefects/Trails VFX URP/VFX/Materials/M_VFX_Trail_Fire_01.mat using Guid(1f40e5c28f5947e4080405595ab73414) Importer(815301076,1909f56bfc062723c751e8b465ee728b)  -> (artifact id: '67f50f05c7b1b0105b5f71f81e50c871') in 0.007062 seconds
Number of updated asset objects reloaded before import = 0
Number of asset objects unloaded after import = 4
========================================================================
Received Import Request.
  Time since last request: 0.000019 seconds.
  path: Assets/Prefab/Vefects/Trails VFX URP/VFX/Materials/M_VFX_Trail_Earth_01.mat
  artifactKey: Guid(de1cc0bd4e4d6944ca9d3bd82a5b8389) Importer(815301076,1909f56bfc062723c751e8b465ee728b)
Start importing Assets/Prefab/Vefects/Trails VFX URP/VFX/Materials/M_VFX_Trail_Earth_01.mat using Guid(de1cc0bd4e4d6944ca9d3bd82a5b8389) Importer(815301076,1909f56bfc062723c751e8b465ee728b)  -> (artifact id: '4d42de0b1749a111a7b21424483230bc') in 0.008001 seconds
Number of updated asset objects reloaded before import = 0
Number of asset objects unloaded after import = 5
========================================================================
Received Import Request.
  Time since last request: 0.000022 seconds.
  path: Assets/Prefab/Vefects/Trails VFX URP/VFX/Materials/M_VFX_Trail_Void_02.mat
  artifactKey: Guid(e0509039f80d3b0469f1795b1dcb3b19) Importer(815301076,1909f56bfc062723c751e8b465ee728b)
Start importing Assets/Prefab/Vefects/Trails VFX URP/VFX/Materials/M_VFX_Trail_Void_02.mat using Guid(e0509039f80d3b0469f1795b1dcb3b19) Importer(815301076,1909f56bfc062723c751e8b465ee728b)  -> (artifact id: 'b6de3e925cba777abe44c3bc80178721') in 0.006655 seconds
Number of updated asset objects reloaded before import = 0
Number of asset objects unloaded after import = 4
========================================================================
Received Import Request.
  Time since last request: 0.000014 seconds.
  path: Assets/Prefab/Vefects/Trails VFX URP/VFX/Materials/M_VFX_Trail_Void_01.mat
  artifactKey: Guid(d533b97e925a93444bedca55030114e5) Importer(815301076,1909f56bfc062723c751e8b465ee728b)
Start importing Assets/Prefab/Vefects/Trails VFX URP/VFX/Materials/M_VFX_Trail_Void_01.mat using Guid(d533b97e925a93444bedca55030114e5) Importer(815301076,1909f56bfc062723c751e8b465ee728b)  -> (artifact id: '82ab3a93a9c11dc54aec655ed5cf206a') in 0.008911 seconds
Number of updated asset objects reloaded before import = 0
Number of asset objects unloaded after import = 4
========================================================================
Received Import Request.
  Time since last request: 0.000018 seconds.
  path: Assets/Prefab/Vefects/Trails VFX URP/VFX/Materials/M_VFX_Trail_Ice_01.mat
  artifactKey: Guid(1bb24205a20f8f54891fc083866b39f7) Importer(815301076,1909f56bfc062723c751e8b465ee728b)
Start importing Assets/Prefab/Vefects/Trails VFX URP/VFX/Materials/M_VFX_Trail_Ice_01.mat using Guid(1bb24205a20f8f54891fc083866b39f7) Importer(815301076,1909f56bfc062723c751e8b465ee728b)  -> (artifact id: '7b94551473ac3138590ce53227eebae0') in 0.007337 seconds
Number of updated asset objects reloaded before import = 0
Number of asset objects unloaded after import = 5
========================================================================
Received Import Request.
  Time since last request: 0.000017 seconds.
  path: Assets/Prefab/Vefects/Trails VFX URP/VFX/Materials/M_VFX_Trail_Ice_02.mat
  artifactKey: Guid(0d1c0ab63d065cd459058bc7c0c50ba5) Importer(815301076,1909f56bfc062723c751e8b465ee728b)
Start importing Assets/Prefab/Vefects/Trails VFX URP/VFX/Materials/M_VFX_Trail_Ice_02.mat using Guid(0d1c0ab63d065cd459058bc7c0c50ba5) Importer(815301076,1909f56bfc062723c751e8b465ee728b)  -> (artifact id: '905813da54eba0f12ee325dfe358c2aa') in 0.007925 seconds
Number of updated asset objects reloaded before import = 0
Number of asset objects unloaded after import = 4
========================================================================
Received Prepare
Begin MonoManager ReloadAssembly
- Loaded All Assemblies, in  0.511 seconds
Refreshing native plugins compatible for Editor in 2.60 ms, found 3 plugins.
Native extension for WindowsStandalone target not found
[Package Manager] Server::EnsureServerProcessIsRunning -- launch failed, reason: Unity was launched with the -noUpm command-line argument
[Package Manager] UpmClient::Send -- Unable to send message (not connected to UPM process).
[Package Manager] Cannot connect to Unity Package Manager local server
Mono: successfully reloaded assembly
- Finished resetting the current domain, in  0.955 seconds
Domain Reload Profiling: 1464ms
	BeginReloadAssembly (167ms)
		ExecutionOrderSort (0ms)
		DisableScriptedObjects (4ms)
		BackupInstance (0ms)
		ReleaseScriptingObjects (0ms)
		CreateAndSetChildDomain (52ms)
	RebuildCommonClasses (35ms)
	RebuildNativeTypeToScriptingClass (14ms)
	initialDomainReloadingComplete (30ms)
	LoadAllAssembliesAndSetupDomain (262ms)
		LoadAssemblies (318ms)
		RebuildTransferFunctionScriptingTraits (0ms)
		AnalyzeDomain (26ms)
			TypeCache.Refresh (10ms)
				TypeCache.ScanAssembly (0ms)
			ScanForSourceGeneratedMonoScriptInfo (11ms)
			ResolveRequiredComponents (4ms)
	FinalizeReload (956ms)
		ReleaseScriptCaches (0ms)
		RebuildScriptCaches (0ms)
		SetupLoadedEditorAssemblies (481ms)
			LogAssemblyErrors (0ms)
			InitializePlatformSupportModulesInManaged (6ms)
			SetLoadedEditorAssemblies (6ms)
			RefreshPlugins (0ms)
			BeforeProcessingInitializeOnLoad (68ms)
			ProcessInitializeOnLoadAttributes (374ms)
			ProcessInitializeOnLoadMethodAttributes (23ms)
			AfterProcessingInitializeOnLoad (5ms)
			EditorAssembliesLoaded (0ms)
		ExecutionOrderSort2 (0ms)
		AwakeInstancesAfterBackupRestoration (6ms)
Refreshing native plugins compatible for Editor in 2.30 ms, found 3 plugins.
Preloading 0 native plugins for Editor in 0.00 ms.
Unloading 3456 Unused Serialized files (Serialized files now loaded: 0)
Unloading 29 unused Assets / (79.1 KB). Loaded Objects now: 3994.
Memory consumption went from 138.3 MB to 138.2 MB.
Total: 2.139400 ms (FindLiveObjects: 0.195000 ms CreateObjectMapping: 0.088700 ms MarkObjects: 1.778000 ms  DeleteObjects: 0.077000 ms)

Prepare: number of updated asset objects reloaded= 0
AssetImportParameters requested are different than current active one (requested -> active):
  custom:container-demuxer-ogg: 62fdf1f143b41e24485cea50d1cbac27 -> 
  custom:video-decoder-ogg-theora: a1e56fd34408186e4bbccfd4996cb3dc -> 
  custom:framework-win-MediaFoundation: 216162199b28c13a410421893ffa2e32 -> 
  custom:CustomObjectIndexerAttribute: 6d391050e5a25f67b0a2c618074f2cd9 -> 
  custom:scripting/monoscript/fileName/Demo_TurningAround.cs: 81f6d63e64c8ded113e2ad22fedd7e86 -> 9d68750fa4869b8fd6d7a0e3b1544925
  custom:container-demuxer-webm: 4f35f7cbe854078d1ac9338744f61a02 -> 
  custom:container-muxer-webm: aa71ff27fc2769a1b78a27578f13a17b -> 
  custom:video-decoder-webm-vp8: 9c59270c3fd7afecdb556c50c9e8de78 -> 
  custom:SearchIndexIgnoredProperties: e643bd26f0fe6173181afceb89e7c659 -> 
  custom:scripting/monoscript/fileName/Demo_FreeCam.cs: e0dde267075d440dc69d9f081a817ac2 -> 4b2f37dcaf4b64981991393c1397d03c
  custom:AudioImporter_EditorPlatform: d09bf68614088b80899f8185d706f6e7 -> 
  custom:video-encoder-webm-vp8: eb34c28f22e8b96e1ab97ce403110664 -> 
  custom:audio-decoder-ogg-vorbis: bf7c407c2cedff20999df2af8eb42d56 -> 
  custom:audio-encoder-webm-vorbis: bf7c407c2cedff20999df2af8eb42d56 -> 
========================================================================
Received Prepare
Begin MonoManager ReloadAssembly
- Loaded All Assemblies, in  0.361 seconds
Refreshing native plugins compatible for Editor in 2.38 ms, found 3 plugins.
Native extension for WindowsStandalone target not found
[Package Manager] Server::EnsureServerProcessIsRunning -- launch failed, reason: Unity was launched with the -noUpm command-line argument
[Package Manager] UpmClient::Send -- Unable to send message (not connected to UPM process).
[Package Manager] Cannot connect to Unity Package Manager local server
Mono: successfully reloaded assembly
- Finished resetting the current domain, in  0.796 seconds
Domain Reload Profiling: 1155ms
	BeginReloadAssembly (118ms)
		ExecutionOrderSort (0ms)
		DisableScriptedObjects (3ms)
		BackupInstance (0ms)
		ReleaseScriptingObjects (0ms)
		CreateAndSetChildDomain (27ms)
	RebuildCommonClasses (25ms)
	RebuildNativeTypeToScriptingClass (8ms)
	initialDomainReloadingComplete (28ms)
	LoadAllAssembliesAndSetupDomain (179ms)
		LoadAssemblies (224ms)
		RebuildTransferFunctionScriptingTraits (0ms)
		AnalyzeDomain (17ms)
			TypeCache.Refresh (7ms)
				TypeCache.ScanAssembly (0ms)
			ScanForSourceGeneratedMonoScriptInfo (6ms)
			ResolveRequiredComponents (3ms)
	FinalizeReload (797ms)
		ReleaseScriptCaches (0ms)
		RebuildScriptCaches (0ms)
		SetupLoadedEditorAssemblies (406ms)
			LogAssemblyErrors (0ms)
			InitializePlatformSupportModulesInManaged (5ms)
			SetLoadedEditorAssemblies (4ms)
			RefreshPlugins (0ms)
			BeforeProcessingInitializeOnLoad (51ms)
			ProcessInitializeOnLoadAttributes (320ms)
			ProcessInitializeOnLoadMethodAttributes (21ms)
			AfterProcessingInitializeOnLoad (6ms)
			EditorAssembliesLoaded (0ms)
		ExecutionOrderSort2 (0ms)
		AwakeInstancesAfterBackupRestoration (7ms)
Refreshing native plugins compatible for Editor in 2.27 ms, found 3 plugins.
Preloading 0 native plugins for Editor in 0.00 ms.
Unloading 3461 Unused Serialized files (Serialized files now loaded: 0)
Unloading 29 unused Assets / (248.2 KB). Loaded Objects now: 3999.
Memory consumption went from 141.2 MB to 140.9 MB.
Total: 2.426600 ms (FindLiveObjects: 0.265800 ms CreateObjectMapping: 0.118400 ms MarkObjects: 1.787000 ms  DeleteObjects: 0.254600 ms)

Prepare: number of updated asset objects reloaded= 0
AssetImportParameters requested are different than current active one (requested -> active):
  custom:container-demuxer-ogg: 62fdf1f143b41e24485cea50d1cbac27 -> 
  custom:video-decoder-ogg-theora: a1e56fd34408186e4bbccfd4996cb3dc -> 
  custom:framework-win-MediaFoundation: 216162199b28c13a410421893ffa2e32 -> 
  custom:CustomObjectIndexerAttribute: 6d391050e5a25f67b0a2c618074f2cd9 -> 
  custom:scripting/monoscript/fileName/Demo_TurningAround.cs: a0de9253a69aa05abaef02d18015f329 -> 81f6d63e64c8ded113e2ad22fedd7e86
  custom:container-demuxer-webm: 4f35f7cbe854078d1ac9338744f61a02 -> 
  custom:container-muxer-webm: aa71ff27fc2769a1b78a27578f13a17b -> 
  custom:video-decoder-webm-vp8: 9c59270c3fd7afecdb556c50c9e8de78 -> 
  custom:SearchIndexIgnoredProperties: e643bd26f0fe6173181afceb89e7c659 -> 
  custom:scripting/monoscript/fileName/Demo_FreeCam.cs: 989dfd6355c47c7f291f737e3ba6904b -> e0dde267075d440dc69d9f081a817ac2
  custom:AudioImporter_EditorPlatform: d09bf68614088b80899f8185d706f6e7 -> 
  custom:video-encoder-webm-vp8: eb34c28f22e8b96e1ab97ce403110664 -> 
  custom:audio-decoder-ogg-vorbis: bf7c407c2cedff20999df2af8eb42d56 -> 
  custom:audio-encoder-webm-vorbis: bf7c407c2cedff20999df2af8eb42d56 -> 
========================================================================
Received Prepare
Begin MonoManager ReloadAssembly
- Loaded All Assemblies, in  0.443 seconds
Refreshing native plugins compatible for Editor in 2.61 ms, found 3 plugins.
Native extension for WindowsStandalone target not found
[Package Manager] Server::EnsureServerProcessIsRunning -- launch failed, reason: Unity was launched with the -noUpm command-line argument
[Package Manager] UpmClient::Send -- Unable to send message (not connected to UPM process).
[Package Manager] Cannot connect to Unity Package Manager local server
Mono: successfully reloaded assembly
- Finished resetting the current domain, in  0.762 seconds
Domain Reload Profiling: 1203ms
	BeginReloadAssembly (138ms)
		ExecutionOrderSort (0ms)
		DisableScriptedObjects (4ms)
		BackupInstance (0ms)
		ReleaseScriptingObjects (0ms)
		CreateAndSetChildDomain (34ms)
	RebuildCommonClasses (26ms)
	RebuildNativeTypeToScriptingClass (13ms)
	initialDomainReloadingComplete (29ms)
	LoadAllAssembliesAndSetupDomain (235ms)
		LoadAssemblies (282ms)
		RebuildTransferFunctionScriptingTraits (0ms)
		AnalyzeDomain (25ms)
			TypeCache.Refresh (11ms)
				TypeCache.ScanAssembly (0ms)
			ScanForSourceGeneratedMonoScriptInfo (9ms)
			ResolveRequiredComponents (4ms)
	FinalizeReload (762ms)
		ReleaseScriptCaches (0ms)
		RebuildScriptCaches (0ms)
		SetupLoadedEditorAssemblies (386ms)
			LogAssemblyErrors (0ms)
			InitializePlatformSupportModulesInManaged (5ms)
			SetLoadedEditorAssemblies (4ms)
			RefreshPlugins (0ms)
			BeforeProcessingInitializeOnLoad (53ms)
			ProcessInitializeOnLoadAttributes (301ms)
			ProcessInitializeOnLoadMethodAttributes (18ms)
			AfterProcessingInitializeOnLoad (6ms)
			EditorAssembliesLoaded (0ms)
		ExecutionOrderSort2 (0ms)
		AwakeInstancesAfterBackupRestoration (7ms)
Refreshing native plugins compatible for Editor in 2.22 ms, found 3 plugins.
Preloading 0 native plugins for Editor in 0.00 ms.
Unloading 3461 Unused Serialized files (Serialized files now loaded: 0)
Unloading 29 unused Assets / (272.2 KB). Loaded Objects now: 4002.
Memory consumption went from 143.1 MB to 142.9 MB.
Total: 2.213300 ms (FindLiveObjects: 0.190500 ms CreateObjectMapping: 0.091600 ms MarkObjects: 1.803100 ms  DeleteObjects: 0.127300 ms)

Prepare: number of updated asset objects reloaded= 0
AssetImportParameters requested are different than current active one (requested -> active):
  custom:container-demuxer-ogg: 62fdf1f143b41e24485cea50d1cbac27 -> 
  custom:video-decoder-ogg-theora: a1e56fd34408186e4bbccfd4996cb3dc -> 
  custom:framework-win-MediaFoundation: 216162199b28c13a410421893ffa2e32 -> 
  custom:CustomObjectIndexerAttribute: 6d391050e5a25f67b0a2c618074f2cd9 -> 
  custom:scripting/monoscript/fileName/Demo_TurningAround.cs: d384d5243b383c008084b71db7824404 -> a0de9253a69aa05abaef02d18015f329
  custom:container-demuxer-webm: 4f35f7cbe854078d1ac9338744f61a02 -> 
  custom:container-muxer-webm: aa71ff27fc2769a1b78a27578f13a17b -> 
  custom:video-decoder-webm-vp8: 9c59270c3fd7afecdb556c50c9e8de78 -> 
  custom:SearchIndexIgnoredProperties: e643bd26f0fe6173181afceb89e7c659 -> 
  custom:scripting/monoscript/fileName/Demo_FreeCam.cs: 77c86f5778d0badf4a6d0b1cea393702 -> 989dfd6355c47c7f291f737e3ba6904b
  custom:AudioImporter_EditorPlatform: d09bf68614088b80899f8185d706f6e7 -> 
  custom:video-encoder-webm-vp8: eb34c28f22e8b96e1ab97ce403110664 -> 
  custom:audio-decoder-ogg-vorbis: bf7c407c2cedff20999df2af8eb42d56 -> 
  custom:audio-encoder-webm-vorbis: bf7c407c2cedff20999df2af8eb42d56 -> 
========================================================================
Received Import Request.
  Time since last request: 79.864924 seconds.
  path: Assets/Prefab/Vefects/Trails SRP
  artifactKey: Guid(10a28174e3167be408b8fbe4c667f848) Importer(815301076,1909f56bfc062723c751e8b465ee728b)
Start importing Assets/Prefab/Vefects/Trails SRP using Guid(10a28174e3167be408b8fbe4c667f848) Importer(815301076,1909f56bfc062723c751e8b465ee728b)  -> (artifact id: '08187813608c85fc2e87ee113b7ea4e8') in 0.003247 seconds
Number of updated asset objects reloaded before import = 0
Number of asset objects unloaded after import = 0
========================================================================
Received Import Request.
  Time since last request: 5.740936 seconds.
  path: Assets/Prefab/Vefects/Trails SRP/VFX/Particles/VFX_Trail_Cosmos.prefab
  artifactKey: Guid(f6bbcfa7e746d0340bd78dd22f35b3b3) Importer(815301076,1909f56bfc062723c751e8b465ee728b)
Start importing Assets/Prefab/Vefects/Trails SRP/VFX/Particles/VFX_Trail_Cosmos.prefab using Guid(f6bbcfa7e746d0340bd78dd22f35b3b3) Importer(815301076,1909f56bfc062723c751e8b465ee728b)  -> (artifact id: 'aea468fdfd649ffaccc0f0a5726f3ea4') in 0.209608 seconds
Number of updated asset objects reloaded before import = 0
Number of asset objects unloaded after import = 29
========================================================================
Received Import Request.
  Time since last request: 0.000017 seconds.
  path: Assets/Prefab/Vefects/Trails SRP/VFX/Particles/VFX_Trail_Void.prefab
  artifactKey: Guid(664c64bbb000f5e428ca3b8f7e0ea923) Importer(815301076,1909f56bfc062723c751e8b465ee728b)
Start importing Assets/Prefab/Vefects/Trails SRP/VFX/Particles/VFX_Trail_Void.prefab using Guid(664c64bbb000f5e428ca3b8f7e0ea923) Importer(815301076,1909f56bfc062723c751e8b465ee728b)  -> (artifact id: '827ff40eacb5edec44102f44fa344b76') in 0.030813 seconds
Number of updated asset objects reloaded before import = 0
Number of asset objects unloaded after import = 29
========================================================================
Received Import Request.
  Time since last request: 0.000022 seconds.
  path: Assets/Prefab/Vefects/Trails SRP/VFX/Particles/VFX_Trail_Water.prefab
  artifactKey: Guid(07a0367c119e4ca408ec23af0e377799) Importer(815301076,1909f56bfc062723c751e8b465ee728b)
Start importing Assets/Prefab/Vefects/Trails SRP/VFX/Particles/VFX_Trail_Water.prefab using Guid(07a0367c119e4ca408ec23af0e377799) Importer(815301076,1909f56bfc062723c751e8b465ee728b)  -> (artifact id: '8ddfd4bcc73e57c69ee181982c07b955') in 0.048067 seconds
Number of updated asset objects reloaded before import = 0
Number of asset objects unloaded after import = 31
========================================================================
Received Import Request.
  Time since last request: 0.000016 seconds.
  path: Assets/Prefab/Vefects/Trails SRP/VFX/Particles/VFX_Trail_Earth.prefab
  artifactKey: Guid(dc0d32e4741335241afdd5ebfb8bf32a) Importer(815301076,1909f56bfc062723c751e8b465ee728b)
Start importing Assets/Prefab/Vefects/Trails SRP/VFX/Particles/VFX_Trail_Earth.prefab using Guid(dc0d32e4741335241afdd5ebfb8bf32a) Importer(815301076,1909f56bfc062723c751e8b465ee728b)  -> (artifact id: '8cc1015e98df488737c2685662b9f517') in 0.014088 seconds
Number of updated asset objects reloaded before import = 0
Number of asset objects unloaded after import = 23
Editor requested this worker to shutdown with reason: Scaling down because of idle timeout
TcpMessagingSession - receive error: operation aborted. errorcode: 995, details: I/O-handlingen er blevet afbrudt pga. en afsluttende tråd eller programanmodning.
AssetImportWorker is now disconnected from the server
Process exiting
Exiting without the bug reporter. Application will terminate with return code 0