Using pre-set license
Built from '2022.3/staging' branch; Version is '2022.3.19f1 (244b723c30a6) revision 2378610'; Using compiler version '192829333'; Build Type 'Release'
OS: 'Windows 10  (10.0.19045) 64bit Core' Language: 'da' Physical Memory: 16221 MB
BatchMode: 1, IsHumanControllingUs: 0, StartBugReporterOnCrash: 0, Is64bit: 1, IsPro: 1

COMMAND LINE ARGUMENTS:
C:\Program Files\Unity\Hub\Editor\2022.3.19f1\Editor\Unity.exe
-adb2
-batchMode
-noUpm
-name
AssetImportWorker0
-projectPath
C:/Users/speed/PI3DW - 3xExterminate
-logFile
Logs/AssetImportWorker0.log
-srvPort
53726
Successfully changed project path to: C:/Users/speed/PI3DW - 3xExterminate
C:/Users/speed/PI3DW - 3xExterminate
[UnityMemory] Configuration Parameters - Can be set up in boot.config
    "memorysetup-bucket-allocator-granularity=16"
    "memorysetup-bucket-allocator-bucket-count=8"
    "memorysetup-bucket-allocator-block-size=33554432"
    "memorysetup-bucket-allocator-block-count=8"
    "memorysetup-main-allocator-block-size=16777216"
    "memorysetup-thread-allocator-block-size=16777216"
    "memorysetup-gfx-main-allocator-block-size=16777216"
    "memorysetup-gfx-thread-allocator-block-size=16777216"
    "memorysetup-cache-allocator-block-size=4194304"
    "memorysetup-typetree-allocator-block-size=2097152"
    "memorysetup-profiler-bucket-allocator-granularity=16"
    "memorysetup-profiler-bucket-allocator-bucket-count=8"
    "memorysetup-profiler-bucket-allocator-block-size=33554432"
    "memorysetup-profiler-bucket-allocator-block-count=8"
    "memorysetup-profiler-allocator-block-size=16777216"
    "memorysetup-profiler-editor-allocator-block-size=1048576"
    "memorysetup-temp-allocator-size-main=16777216"
    "memorysetup-job-temp-allocator-block-size=2097152"
    "memorysetup-job-temp-allocator-block-size-background=1048576"
    "memorysetup-job-temp-allocator-reduction-small-platforms=262144"
    "memorysetup-allocator-temp-initial-block-size-main=262144"
    "memorysetup-allocator-temp-initial-block-size-worker=262144"
    "memorysetup-temp-allocator-size-background-worker=32768"
    "memorysetup-temp-allocator-size-job-worker=262144"
    "memorysetup-temp-allocator-size-preload-manager=33554432"
    "memorysetup-temp-allocator-size-nav-mesh-worker=65536"
    "memorysetup-temp-allocator-size-audio-worker=65536"
    "memorysetup-temp-allocator-size-cloud-worker=32768"
    "memorysetup-temp-allocator-size-gi-baking-worker=262144"
    "memorysetup-temp-allocator-size-gfx=262144"
Player connection [11680] Host "[IP] 192.168.50.112 [Port] 0 [Flags] 2 [Guid] 3590740887 [EditorId] 3590740887 [Version] 1048832 [Id] WindowsEditor(7,DESKTOP-VEGBCRH) [Debug] 1 [PackageName] WindowsEditor [ProjectName] Editor" joined multi-casting on [225.0.0.222:54997]...

Player connection [11680] Host "[IP] 192.168.50.112 [Port] 0 [Flags] 2 [Guid] 3590740887 [EditorId] 3590740887 [Version] 1048832 [Id] WindowsEditor(7,DESKTOP-VEGBCRH) [Debug] 1 [PackageName] WindowsEditor [ProjectName] Editor" joined alternative multi-casting on [225.0.0.222:34997]...

[Physics::Module] Initialized MultithreadedJobDispatcher with 15 workers.
Refreshing native plugins compatible for Editor in 9.48 ms, found 3 plugins.
Preloading 0 native plugins for Editor in 0.00 ms.
Initialize engine version: 2022.3.19f1 (244b723c30a6)
[Subsystems] Discovering subsystems at path C:/Program Files/Unity/Hub/Editor/2022.3.19f1/Editor/Data/Resources/UnitySubsystems
[Subsystems] Discovering subsystems at path C:/Users/speed/PI3DW - 3xExterminate/Assets
GfxDevice: creating device client; threaded=0; jobified=0
Direct3D:
    Version:  Direct3D 11.0 [level 11.1]
    Renderer: NVIDIA GeForce RTX 3060 Ti (ID=0x2489)
    Vendor:   NVIDIA
    VRAM:     8024 MB
    Driver:   32.0.15.6094
Initialize mono
Mono path[0] = 'C:/Program Files/Unity/Hub/Editor/2022.3.19f1/Editor/Data/Managed'
Mono path[1] = 'C:/Program Files/Unity/Hub/Editor/2022.3.19f1/Editor/Data/MonoBleedingEdge/lib/mono/unityjit-win32'
Mono config path = 'C:/Program Files/Unity/Hub/Editor/2022.3.19f1/Editor/Data/MonoBleedingEdge/etc'
Using monoOptions --debugger-agent=transport=dt_socket,embedding=1,server=y,suspend=n,address=127.0.0.1:56252
Begin MonoManager ReloadAssembly
Registering precompiled unity dll's ...
Register platform support module: C:/Program Files/Unity/Hub/Editor/2022.3.19f1/Editor/Data/PlaybackEngines/WindowsStandaloneSupport/UnityEditor.WindowsStandalone.Extensions.dll
Registered in 0.005293 seconds.
- Loaded All Assemblies, in  0.280 seconds
Native extension for WindowsStandalone target not found
Mono: successfully reloaded assembly
- Finished resetting the current domain, in  0.222 seconds
Domain Reload Profiling: 501ms
	BeginReloadAssembly (83ms)
		ExecutionOrderSort (0ms)
		DisableScriptedObjects (0ms)
		BackupInstance (0ms)
		ReleaseScriptingObjects (0ms)
		CreateAndSetChildDomain (1ms)
	RebuildCommonClasses (27ms)
	RebuildNativeTypeToScriptingClass (8ms)
	initialDomainReloadingComplete (46ms)
	LoadAllAssembliesAndSetupDomain (114ms)
		LoadAssemblies (81ms)
		RebuildTransferFunctionScriptingTraits (0ms)
		AnalyzeDomain (112ms)
			TypeCache.Refresh (111ms)
				TypeCache.ScanAssembly (101ms)
			ScanForSourceGeneratedMonoScriptInfo (0ms)
			ResolveRequiredComponents (0ms)
	FinalizeReload (222ms)
		ReleaseScriptCaches (0ms)
		RebuildScriptCaches (0ms)
		SetupLoadedEditorAssemblies (175ms)
			LogAssemblyErrors (0ms)
			InitializePlatformSupportModulesInManaged (7ms)
			SetLoadedEditorAssemblies (6ms)
			RefreshPlugins (0ms)
			BeforeProcessingInitializeOnLoad (2ms)
			ProcessInitializeOnLoadAttributes (119ms)
			ProcessInitializeOnLoadMethodAttributes (41ms)
			AfterProcessingInitializeOnLoad (0ms)
			EditorAssembliesLoaded (0ms)
		ExecutionOrderSort2 (0ms)
		AwakeInstancesAfterBackupRestoration (0ms)
========================================================================
Worker process is ready to serve import requests
Begin MonoManager ReloadAssembly
- Loaded All Assemblies, in  0.556 seconds
Refreshing native plugins compatible for Editor in 2.34 ms, found 3 plugins.
Native extension for WindowsStandalone target not found
Package Manager log level set to [2]
[Package Manager] Server::EnsureServerProcessIsRunning -- launch failed, reason: Unity was launched with the -noUpm command-line argument
[Package Manager] UpmClient::Send -- Unable to send message (not connected to UPM process).
[Package Manager] Cannot connect to Unity Package Manager local server
Mono: successfully reloaded assembly
- Finished resetting the current domain, in  0.516 seconds
Domain Reload Profiling: 1070ms
	BeginReloadAssembly (125ms)
		ExecutionOrderSort (0ms)
		DisableScriptedObjects (4ms)
		BackupInstance (0ms)
		ReleaseScriptingObjects (0ms)
		CreateAndSetChildDomain (17ms)
	RebuildCommonClasses (27ms)
	RebuildNativeTypeToScriptingClass (14ms)
	initialDomainReloadingComplete (33ms)
	LoadAllAssembliesAndSetupDomain (355ms)
		LoadAssemblies (263ms)
		RebuildTransferFunctionScriptingTraits (0ms)
		AnalyzeDomain (162ms)
			TypeCache.Refresh (140ms)
				TypeCache.ScanAssembly (125ms)
			ScanForSourceGeneratedMonoScriptInfo (18ms)
			ResolveRequiredComponents (3ms)
	FinalizeReload (516ms)
		ReleaseScriptCaches (0ms)
		RebuildScriptCaches (0ms)
		SetupLoadedEditorAssemblies (387ms)
			LogAssemblyErrors (0ms)
			InitializePlatformSupportModulesInManaged (5ms)
			SetLoadedEditorAssemblies (4ms)
			RefreshPlugins (0ms)
			BeforeProcessingInitializeOnLoad (50ms)
			ProcessInitializeOnLoadAttributes (304ms)
			ProcessInitializeOnLoadMethodAttributes (20ms)
			AfterProcessingInitializeOnLoad (5ms)
			EditorAssembliesLoaded (0ms)
		ExecutionOrderSort2 (0ms)
		AwakeInstancesAfterBackupRestoration (6ms)
Shader '/_Vefects_/T/SH_Vefects_VFX_Distor': fallback shader 'Universal Render Pipeline/Unlit' not found
Shader '/_Vefects_/T/SH_Vefects_VFX_Distor': fallback shader 'Universal Render Pipeline/Unlit' not found
Launched and connected shader compiler UnityShaderCompiler.exe after 0.05 seconds
Refreshing native plugins compatible for Editor in 2.85 ms, found 3 plugins.
Preloading 0 native plugins for Editor in 0.00 ms.
Unloading 3488 Unused Serialized files (Serialized files now loaded: 0)
Unloading 42 unused Assets / (406.0 KB). Loaded Objects now: 3950.
Memory consumption went from 138.4 MB to 138.0 MB.
Total: 2.462000 ms (FindLiveObjects: 0.201700 ms CreateObjectMapping: 0.128800 ms MarkObjects: 1.967300 ms  DeleteObjects: 0.163400 ms)

AssetImportParameters requested are different than current active one (requested -> active):
  custom:container-demuxer-ogg: 62fdf1f143b41e24485cea50d1cbac27 -> 
  custom:video-decoder-ogg-theora: a1e56fd34408186e4bbccfd4996cb3dc -> 
  custom:framework-win-MediaFoundation: 216162199b28c13a410421893ffa2e32 -> 
  custom:CustomObjectIndexerAttribute: 6d391050e5a25f67b0a2c618074f2cd9 -> 
  custom:scripting/monoscript/fileName/Demo_TurningAround.cs: 81f6d63e64c8ded113e2ad22fedd7e86 -> 9d68750fa4869b8fd6d7a0e3b1544925
  custom:container-demuxer-webm: 4f35f7cbe854078d1ac9338744f61a02 -> 
  custom:container-muxer-webm: aa71ff27fc2769a1b78a27578f13a17b -> 
  custom:video-decoder-webm-vp8: 9c59270c3fd7afecdb556c50c9e8de78 -> 
  custom:SearchIndexIgnoredProperties: e643bd26f0fe6173181afceb89e7c659 -> 
  custom:scripting/monoscript/fileName/Demo_FreeCam.cs: e0dde267075d440dc69d9f081a817ac2 -> 4b2f37dcaf4b64981991393c1397d03c
  custom:AudioImporter_EditorPlatform: d09bf68614088b80899f8185d706f6e7 -> 
  custom:video-encoder-webm-vp8: eb34c28f22e8b96e1ab97ce403110664 -> 
  custom:audio-decoder-ogg-vorbis: bf7c407c2cedff20999df2af8eb42d56 -> 
  custom:audio-encoder-webm-vorbis: bf7c407c2cedff20999df2af8eb42d56 -> 
========================================================================
Received Import Request.
  Time since last request: 114627.773089 seconds.
  path: Assets/Prefab/Vefects
  artifactKey: Guid(a73bc430b3510e541963e3cf36bba601) Importer(815301076,1909f56bfc062723c751e8b465ee728b)
Start importing Assets/Prefab/Vefects using Guid(a73bc430b3510e541963e3cf36bba601) Importer(815301076,1909f56bfc062723c751e8b465ee728b)  -> (artifact id: 'dc344e4a657081dcbbcd14f88444084b') in 0.002776 seconds
Number of updated asset objects reloaded before import = 0
Number of asset objects unloaded after import = 0
========================================================================
Received Import Request.
  Time since last request: 0.000021 seconds.
  path: Assets/Prefab/Vefects/Trails VFX URP
  artifactKey: Guid(10a28174e3167be408b8fbe4c667f848) Importer(815301076,1909f56bfc062723c751e8b465ee728b)
Start importing Assets/Prefab/Vefects/Trails VFX URP using Guid(10a28174e3167be408b8fbe4c667f848) Importer(815301076,1909f56bfc062723c751e8b465ee728b)  -> (artifact id: '612cb78050ccd1c1c3d619840e02ae77') in 0.000397 seconds
Number of updated asset objects reloaded before import = 0
Number of asset objects unloaded after import = 0
========================================================================
Received Import Request.
  Time since last request: 0.186756 seconds.
  path: Assets/Prefab/Vefects/Trails VFX URP/Scene
  artifactKey: Guid(7d2ae1132c30b1240a6c908bfdb232da) Importer(815301076,1909f56bfc062723c751e8b465ee728b)
Start importing Assets/Prefab/Vefects/Trails VFX URP/Scene using Guid(7d2ae1132c30b1240a6c908bfdb232da) Importer(815301076,1909f56bfc062723c751e8b465ee728b)  -> (artifact id: '7339cbfae89cbac2ecc98b6749cb16de') in 0.000451 seconds
Number of updated asset objects reloaded before import = 0
Number of asset objects unloaded after import = 0
========================================================================
Received Import Request.
  Time since last request: 4.036777 seconds.
  path: Assets/Prefab/Vefects/Trails VFX URP/Scripts
  artifactKey: Guid(cc010b1c0b78bdd419965feecaefd563) Importer(815301076,1909f56bfc062723c751e8b465ee728b)
Start importing Assets/Prefab/Vefects/Trails VFX URP/Scripts using Guid(cc010b1c0b78bdd419965feecaefd563) Importer(815301076,1909f56bfc062723c751e8b465ee728b)  -> (artifact id: 'a265a0d7809c7e9c144c62bbdc2dff24') in 0.000453 seconds
Number of updated asset objects reloaded before import = 0
Number of asset objects unloaded after import = 0
========================================================================
Received Import Request.
  Time since last request: 2.302084 seconds.
  path: Assets/Prefab/Vefects/Trails VFX URP/Scripts/Demo_FreeCam.cs
  artifactKey: Guid(13e75ff6fdad4c649960272ca9607fd1) Importer(815301076,1909f56bfc062723c751e8b465ee728b)
Start importing Assets/Prefab/Vefects/Trails VFX URP/Scripts/Demo_FreeCam.cs using Guid(13e75ff6fdad4c649960272ca9607fd1) Importer(815301076,1909f56bfc062723c751e8b465ee728b)  -> (artifact id: '37533a9c363d2a6d56994bb8f018b6d4') in 0.000430 seconds
Number of updated asset objects reloaded before import = 0
Number of asset objects unloaded after import = 0
========================================================================
Received Import Request.
  Time since last request: 3.435530 seconds.
  path: Assets/Prefab/Vefects/Trails VFX URP/VFX
  artifactKey: Guid(1f7e87ab1b3bf1541a97226219e3273a) Importer(815301076,1909f56bfc062723c751e8b465ee728b)
Start importing Assets/Prefab/Vefects/Trails VFX URP/VFX using Guid(1f7e87ab1b3bf1541a97226219e3273a) Importer(815301076,1909f56bfc062723c751e8b465ee728b)  -> (artifact id: 'a7b3e7d87809fa4ca69f3d5c7134b42d') in 0.000448 seconds
Number of updated asset objects reloaded before import = 0
Number of asset objects unloaded after import = 0
========================================================================
Received Import Request.
  Time since last request: 2.429229 seconds.
  path: Assets/Prefab/Vefects/Trails VFX URP/VFX/Materials
  artifactKey: Guid(08e295ef83ee61d45a3fcd562f6efe24) Importer(815301076,1909f56bfc062723c751e8b465ee728b)
Start importing Assets/Prefab/Vefects/Trails VFX URP/VFX/Materials using Guid(08e295ef83ee61d45a3fcd562f6efe24) Importer(815301076,1909f56bfc062723c751e8b465ee728b)  -> (artifact id: 'c12b9f9b7c5d404f9839098763366365') in 0.000464 seconds
Number of updated asset objects reloaded before import = 0
Number of asset objects unloaded after import = 0
========================================================================
Received Import Request.
  Time since last request: 0.487859 seconds.
  path: Assets/Prefab/Vefects/Trails VFX URP/VFX/Particles
  artifactKey: Guid(4f59d408d1c85114db9830ab7148138e) Importer(815301076,1909f56bfc062723c751e8b465ee728b)
Start importing Assets/Prefab/Vefects/Trails VFX URP/VFX/Particles using Guid(4f59d408d1c85114db9830ab7148138e) Importer(815301076,1909f56bfc062723c751e8b465ee728b)  -> (artifact id: 'ee4e268ff11c2259a46652bb14e5c33f') in 0.000377 seconds
Number of updated asset objects reloaded before import = 0
Number of asset objects unloaded after import = 0
========================================================================
Received Import Request.
  Time since last request: 0.077892 seconds.
  path: Assets/Prefab/Vefects/Trails VFX URP/VFX/Particles/VFX_Trail_Cosmos.prefab
  artifactKey: Guid(f6bbcfa7e746d0340bd78dd22f35b3b3) Importer(815301076,1909f56bfc062723c751e8b465ee728b)
Start importing Assets/Prefab/Vefects/Trails VFX URP/VFX/Particles/VFX_Trail_Cosmos.prefab using Guid(f6bbcfa7e746d0340bd78dd22f35b3b3) Importer(815301076,1909f56bfc062723c751e8b465ee728b)  -> (artifact id: '8df935175d7a9674de0ff08ed4603e27') in 0.104588 seconds
Number of updated asset objects reloaded before import = 0
Number of asset objects unloaded after import = 29
========================================================================
Received Import Request.
  Time since last request: 0.000025 seconds.
  path: Assets/Prefab/Vefects/Trails VFX URP/VFX/Particles/VFX_Trail_Void.prefab
  artifactKey: Guid(664c64bbb000f5e428ca3b8f7e0ea923) Importer(815301076,1909f56bfc062723c751e8b465ee728b)
Start importing Assets/Prefab/Vefects/Trails VFX URP/VFX/Particles/VFX_Trail_Void.prefab using Guid(664c64bbb000f5e428ca3b8f7e0ea923) Importer(815301076,1909f56bfc062723c751e8b465ee728b)  -> (artifact id: 'ed0e9ad1c4383f76c6b9216bb4219159') in 0.026689 seconds
Number of updated asset objects reloaded before import = 0
Number of asset objects unloaded after import = 29
========================================================================
Received Import Request.
  Time since last request: 0.000017 seconds.
  path: Assets/Prefab/Vefects/Trails VFX URP/VFX/Particles/VFX_Trail_Water.prefab
  artifactKey: Guid(07a0367c119e4ca408ec23af0e377799) Importer(815301076,1909f56bfc062723c751e8b465ee728b)
Start importing Assets/Prefab/Vefects/Trails VFX URP/VFX/Particles/VFX_Trail_Water.prefab using Guid(07a0367c119e4ca408ec23af0e377799) Importer(815301076,1909f56bfc062723c751e8b465ee728b)  -> (artifact id: '01b6ab10f7b74769b8f8d6e2fe61cd5d') in 0.043918 seconds
Number of updated asset objects reloaded before import = 0
Number of asset objects unloaded after import = 31
========================================================================
Received Import Request.
  Time since last request: 0.000012 seconds.
  path: Assets/Prefab/Vefects/Trails VFX URP/VFX/Particles/VFX_Trail_Ice.prefab
  artifactKey: Guid(a64a37f3dcfb87f44a8c6236b5d49b20) Importer(815301076,1909f56bfc062723c751e8b465ee728b)
Start importing Assets/Prefab/Vefects/Trails VFX URP/VFX/Particles/VFX_Trail_Ice.prefab using Guid(a64a37f3dcfb87f44a8c6236b5d49b20) Importer(815301076,1909f56bfc062723c751e8b465ee728b)  -> (artifact id: '009b578dd7ff1958516798058d052d1b') in 0.042162 seconds
Number of updated asset objects reloaded before import = 0
Number of asset objects unloaded after import = 23
========================================================================
Received Import Request.
  Time since last request: 0.000011 seconds.
  path: Assets/Prefab/Vefects/Trails VFX URP/VFX/Particles/VFX_Trail_Earth.prefab
  artifactKey: Guid(dc0d32e4741335241afdd5ebfb8bf32a) Importer(815301076,1909f56bfc062723c751e8b465ee728b)
Start importing Assets/Prefab/Vefects/Trails VFX URP/VFX/Particles/VFX_Trail_Earth.prefab using Guid(dc0d32e4741335241afdd5ebfb8bf32a) Importer(815301076,1909f56bfc062723c751e8b465ee728b)  -> (artifact id: 'e8ed2df7600f6a9c84c6b1d7e6d8ca08') in 0.023052 seconds
Number of updated asset objects reloaded before import = 0
Number of asset objects unloaded after import = 23
Editor requested this worker to shutdown with reason: Scaling down because of idle timeout
TcpMessagingSession - receive error: operation aborted. errorcode: 995, details: I/O-handlingen er blevet afbrudt pga. en afsluttende tråd eller programanmodning.
AssetImportWorker is now disconnected from the server
Process exiting
Exiting without the bug reporter. Application will terminate with return code 0